SUMMARY OF RUN ./data/case1/case1.data -- 332 time step
Row 1
	        TIME	      NRiter	      LSiter	         FPR	      Volume	        FOPR	        FOPT	        FGPR	        FGPT	        FWPR
	         DAY	           -	           -	        PSIA	         Ft3	     STB/DAY	         STB	    MSCF/DAY	        MSCF	     STB/DAY
	           -	           -	           -	           -	 Hydrocarbon	           -	           -	           -	           -	           -
	       0.010	           3	           7	 4.79425e+03	 2.64618e+09	 2.00000e+04	 2.00000e+02	 2.54000e+04	 2.54000e+02	 1.75311e-03
	       0.110	          11	          33	 4.79469e+03	 2.64618e+09	 2.00000e+04	 2.20000e+03	 2.52532e+04	 2.77932e+03	 5.13829e-03
	       0.210	          16	          49	 4.79507e+03	 2.64618e+09	 2.00000e+04	 4.20000e+03	 2.50685e+04	 5.28617e+03	 6.11972e-03
	       0.329	          20	          61	 4.79556e+03	 2.64619e+09	 2.00000e+04	 6.57628e+03	 2.58672e+04	 8.35956e+03	 7.02099e-03
	       0.389	          23	          69	 4.79577e+03	 2.64619e+09	 2.00000e+04	 7.77252e+03	 2.63985e+04	 9.93850e+03	 7.45266e-03
	       0.508	          26	          80	 4.79620e+03	 2.64619e+09	 2.00000e+04	 1.01650e+04	 2.74230e+04	 1.32189e+04	 8.29293e-03
	       0.747	          32	         100	 4.79709e+03	 2.64620e+09	 2.00000e+04	 1.49499e+04	 2.81179e+04	 1.99460e+04	 9.47089e-03
	       1.000	          37	         117	 4.79801e+03	 2.64621e+09	 2.00000e+04	 2.00000e+04	 2.77843e+04	 2.69617e+04	 1.01560e-02
	       1.379	          42	         130	 4.79939e+03	 2.64623e+09	 2.00000e+04	 2.75751e+04	 2.69692e+04	 3.71765e+04	 1.07135e-02
	       1.947	          48	         147	 4.80150e+03	 2.64625e+09	 2.00000e+04	 3.89379e+04	 2.66512e+04	 5.23179e+04	 1.13695e-02
	       2.799	          54	         164	 4.80458e+03	 2.64628e+09	 2.00000e+04	 5.59819e+04	 2.68004e+04	 7.51573e+04	 1.22665e-02
	       4.000	          58	         178	 4.80892e+03	 2.64632e+09	 2.00000e+04	 8.00000e+04	 2.67729e+04	 1.07309e+05	 1.31562e-02
	       6.104	          64	         198	 4.81651e+03	 2.64640e+09	 2.00000e+04	 1.22086e+05	 2.66934e+04	 1.63480e+05	 1.42328e-02
	       8.965	          69	         217	 4.82662e+03	 2.64650e+09	 2.00000e+04	 1.79305e+05	 2.67611e+04	 2.40043e+05	 1.53557e-02
	      11.965	          74	         234	 4.83690e+03	 2.64660e+09	 2.00000e+04	 2.39305e+05	 2.67935e+04	 3.20423e+05	 1.62582e-02
	      13.000	          77	         242	 4.84023e+03	 2.64664e+09	 2.00000e+04	 2.60000e+05	 2.67857e+04	 3.48139e+05	 1.65294e-02
	      15.069	          81	         256	 4.84717e+03	 2.64671e+09	 2.00000e+04	 3.01389e+05	 2.68196e+04	 4.03641e+05	 1.70262e-02
	      18.069	          86	         273	 4.85745e+03	 2.64681e+09	 2.00000e+04	 3.61389e+05	 2.68496e+04	 4.84190e+05	 1.76308e-02
	      21.069	          91	         291	 4.86755e+03	 2.64691e+09	 2.00000e+04	 4.21389e+05	 2.68364e+04	 5.64699e+05	 1.81253e-02
	      24.069	          96	         308	 4.87769e+03	 2.64701e+09	 2.00000e+04	 4.81389e+05	 2.68077e+04	 6.45122e+05	 1.85354e-02
	      27.069	         101	         326	 4.88777e+03	 2.64712e+09	 2.00000e+04	 5.41389e+05	 2.67573e+04	 7.25394e+05	 1.88748e-02
	      30.069	         106	         343	 4.89784e+03	 2.64722e+09	 2.00000e+04	 6.01389e+05	 2.66837e+04	 8.05446e+05	 1.91469e-02
	      33.069	         111	         362	 4.90789e+03	 2.64731e+09	 2.00000e+04	 6.61389e+05	 2.65914e+04	 8.85220e+05	 1.93570e-02
	      36.069	         116	         380	 4.91796e+03	 2.64742e+09	 2.00000e+04	 7.21389e+05	 2.64924e+04	 9.64697e+05	 1.95183e-02
	      39.069	         121	         397	 4.92798e+03	 2.64752e+09	 2.00000e+04	 7.81389e+05	 2.63868e+04	 1.04386e+06	 1.96363e-02
	      42.000	         125	         411	 4.93775e+03	 2.64762e+09	 2.00000e+04	 8.40000e+05	 2.62713e+04	 1.12085e+06	 1.97092e-02
	      45.000	         130	         430	 4.94776e+03	 2.64772e+09	 2.00000e+04	 9.00000e+05	 2.61419e+04	 1.19927e+06	 1.97431e-02
	      48.000	         134	         445	 4.95773e+03	 2.64782e+09	 2.00000e+04	 9.60000e+05	 2.60042e+04	 1.27728e+06	 1.97402e-02
	      50.000	         137	         456	 4.96429e+03	 2.64788e+09	 2.00000e+04	 1.00000e+06	 2.59107e+04	 1.32911e+06	 1.97242e-02
	      53.000	         141	         472	 4.97435e+03	 2.64798e+09	 2.00000e+04	 1.06000e+06	 2.57675e+04	 1.40641e+06	 1.96715e-02
	      56.000	         146	         492	 4.98433e+03	 2.64808e+09	 2.00000e+04	 1.12000e+06	 2.56248e+04	 1.48328e+06	 1.95947e-02
	      59.000	         151	         511	 4.99428e+03	 2.64819e+09	 2.00000e+04	 1.18000e+06	 2.54838e+04	 1.55973e+06	 1.94972e-02
	      62.000	         156	         532	 5.00426e+03	 2.64829e+09	 2.00000e+04	 1.24000e+06	 2.53454e+04	 1.63577e+06	 1.93817e-02
	      65.000	         160	         549	 5.01424e+03	 2.64839e+09	 2.00000e+04	 1.30000e+06	 2.52110e+04	 1.71140e+06	 1.92516e-02
	      68.000	         165	         568	 5.02420e+03	 2.64849e+09	 2.00000e+04	 1.36000e+06	 2.50742e+04	 1.78663e+06	 1.91040e-02
	      71.000	         169	         584	 5.03421e+03	 2.64859e+09	 2.00000e+04	 1.42000e+06	 2.49352e+04	 1.86143e+06	 1.89399e-02
	      74.000	         173	         600	 5.04419e+03	 2.64869e+09	 2.00000e+04	 1.48000e+06	 2.47984e+04	 1.93583e+06	 1.87632e-02
	      77.000	         177	         616	 5.05416e+03	 2.64879e+09	 2.00000e+04	 1.54000e+06	 2.46668e+04	 2.00983e+06	 1.85775e-02
	      80.000	         182	         635	 5.06419e+03	 2.64889e+09	 2.00000e+04	 1.60000e+06	 2.45399e+04	 2.08345e+06	 1.83838e-02
	      83.000	         186	         652	 5.07426e+03	 2.64899e+09	 2.00000e+04	 1.66000e+06	 2.44194e+04	 2.15671e+06	 1.81838e-02
	      86.000	         190	         669	 5.08432e+03	 2.64910e+09	 2.00000e+04	 1.72000e+06	 2.43076e+04	 2.22963e+06	 1.79792e-02
	      89.000	         194	         685	 5.09437e+03	 2.64920e+09	 2.00000e+04	 1.78000e+06	 2.42081e+04	 2.30225e+06	 1.77732e-02
	      92.000	         198	         701	 5.10445e+03	 2.64930e+09	 2.00000e+04	 1.84000e+06	 2.41251e+04	 2.37463e+06	 1.75705e-02
	      95.000	         202	         717	 5.11457e+03	 2.64940e+09	 2.00000e+04	 1.90000e+06	 2.40638e+04	 2.44682e+06	 1.73742e-02
	      98.000	         207	         738	 5.12467e+03	 2.64950e+09	 2.00000e+04	 1.96000e+06	 2.40246e+04	 2.51889e+06	 1.71865e-02
	     101.000	         212	         761	 5.13478e+03	 2.64960e+09	 2.00000e+04	 2.02000e+06	 2.40067e+04	 2.59091e+06	 1.70086e-02
	     104.000	         216	         779	 5.14491e+03	 2.64971e+09	 2.00000e+04	 2.08000e+06	 2.40056e+04	 2.66293e+06	 1.68379e-02
	     107.000	         220	         796	 5.15501e+03	 2.64981e+09	 2.00000e+04	 2.14000e+06	 2.40189e+04	 2.73499e+06	 1.66721e-02
	     110.000	         224	         815	 5.16512e+03	 2.64991e+09	 2.00000e+04	 2.20000e+06	 2.40477e+04	 2.80713e+06	 1.65135e-02
	     113.000	         229	         837	 5.17518e+03	 2.65001e+09	 2.00000e+04	 2.26000e+06	 2.40924e+04	 2.87941e+06	 1.63650e-02
	     116.000	         233	         855	 5.18522e+03	 2.65011e+09	 2.00000e+04	 2.32000e+06	 2.41474e+04	 2.95185e+06	 1.62246e-02
	     119.000	         237	         872	 5.19525e+03	 2.65021e+09	 2.00000e+04	 2.38000e+06	 2.42080e+04	 3.02447e+06	 1.60900e-02
	     122.000	         241	         889	 5.20526e+03	 2.65032e+09	 2.00000e+04	 2.44000e+06	 2.42692e+04	 3.09728e+06	 1.59566e-02
	     125.000	         245	         906	 5.21522e+03	 2.65042e+09	 2.00000e+04	 2.50000e+06	 2.43285e+04	 3.17027e+06	 1.58227e-02
	     128.000	         249	         923	 5.22518e+03	 2.65052e+09	 2.00000e+04	 2.56000e+06	 2.43885e+04	 3.24343e+06	 1.56921e-02
	     131.000	         253	         941	 5.23506e+03	 2.65062e+09	 2.00000e+04	 2.62000e+06	 2.44458e+04	 3.31677e+06	 1.55630e-02
	     134.000	         257	         959	 5.24495e+03	 2.65072e+09	 2.00000e+04	 2.68000e+06	 2.44978e+04	 3.39026e+06	 1.54323e-02
	     137.000	         261	         978	 5.25480e+03	 2.65082e+09	 2.00000e+04	 2.74000e+06	 2.45477e+04	 3.46391e+06	 1.53017e-02
	     140.000	         265	         996	 5.26462e+03	 2.65091e+09	 2.00000e+04	 2.80000e+06	 2.45970e+04	 3.53770e+06	 1.51726e-02
	     143.000	         269	        1013	 5.27442e+03	 2.65101e+09	 2.00000e+04	 2.86000e+06	 2.46428e+04	 3.61163e+06	 1.50427e-02
	     146.000	         273	        1030	 5.28415e+03	 2.65111e+09	 2.00000e+04	 2.92000e+06	 2.46865e+04	 3.68568e+06	 1.49132e-02
	     149.000	         277	        1048	 5.29389e+03	 2.65121e+09	 2.00000e+04	 2.98000e+06	 2.47270e+04	 3.75987e+06	 1.47828e-02
	     152.000	         281	        1065	 5.30356e+03	 2.65130e+09	 2.00000e+04	 3.04000e+06	 2.47647e+04	 3.83416e+06	 1.46525e-02
	     155.000	         285	        1082	 5.31325e+03	 2.65140e+09	 2.00000e+04	 3.10000e+06	 2.47958e+04	 3.90855e+06	 1.45193e-02
	     158.000	         289	        1099	 5.32288e+03	 2.65150e+09	 2.00000e+04	 3.16000e+06	 2.48229e+04	 3.98302e+06	 1.43859e-02
	     161.000	         293	        1116	 5.33249e+03	 2.65160e+09	 2.00000e+04	 3.22000e+06	 2.48468e+04	 4.05756e+06	 1.42526e-02
	     164.000	         297	        1133	 5.34208e+03	 2.65170e+09	 2.00000e+04	 3.28000e+06	 2.48704e+04	 4.13217e+06	 1.41201e-02
	     167.000	         301	        1151	 5.35161e+03	 2.65179e+09	 2.00000e+04	 3.34000e+06	 2.48953e+04	 4.20685e+06	 1.39890e-02
	     170.000	         305	        1169	 5.36115e+03	 2.65189e+09	 2.00000e+04	 3.40000e+06	 2.49164e+04	 4.28160e+06	 1.38553e-02
	     173.000	         309	        1187	 5.37065e+03	 2.65198e+09	 2.00000e+04	 3.46000e+06	 2.49445e+04	 4.35644e+06	 1.37250e-02
	     176.000	         313	        1206	 5.38010e+03	 2.65208e+09	 2.00000e+04	 3.52000e+06	 2.49792e+04	 4.43137e+06	 1.35997e-02
	     179.000	         318	        1231	 5.38955e+03	 2.65218e+09	 2.00000e+04	 3.58000e+06	 2.50086e+04	 4.50640e+06	 1.34718e-02
	     180.000	         320	        1239	 5.39262e+03	 2.65220e+09	 2.00000e+04	 3.60000e+06	 2.50173e+04	 4.53142e+06	 1.34286e-02
	     182.000	         323	        1254	 5.39888e+03	 2.65227e+09	 2.00000e+04	 3.64000e+06	 2.50342e+04	 4.58149e+06	 1.33439e-02
	     185.000	         328	        1280	 5.40825e+03	 2.65236e+09	 2.00000e+04	 3.70000e+06	 2.50549e+04	 4.65665e+06	 1.32176e-02
	     188.000	         333	        1305	 5.41761e+03	 2.65246e+09	 2.00000e+04	 3.76000e+06	 2.50710e+04	 4.73186e+06	 1.30903e-02
	     191.000	         337	        1325	 5.42690e+03	 2.65255e+09	 2.00000e+04	 3.82000e+06	 2.50839e+04	 4.80711e+06	 1.29614e-02
	     194.000	         341	        1346	 5.43618e+03	 2.65264e+09	 2.00000e+04	 3.88000e+06	 2.50975e+04	 4.88241e+06	 1.28342e-02
	     197.000	         345	        1366	 5.44542e+03	 2.65274e+09	 2.00000e+04	 3.94000e+06	 2.51130e+04	 4.95775e+06	 1.27083e-02
	     200.000	         349	        1385	 5.45464e+03	 2.65283e+09	 2.00000e+04	 4.00000e+06	 2.51365e+04	 5.03316e+06	 1.25849e-02
	     203.000	         353	        1404	 5.46382e+03	 2.65292e+09	 2.00000e+04	 4.06000e+06	 2.51559e+04	 5.10862e+06	 1.24598e-02
	     206.000	         357	        1423	 5.47297e+03	 2.65302e+09	 2.00000e+04	 4.12000e+06	 2.51743e+04	 5.18415e+06	 1.23373e-02
	     209.000	         361	        1441	 5.48207e+03	 2.65311e+09	 2.00000e+04	 4.18000e+06	 2.51890e+04	 5.25971e+06	 1.22149e-02
	     212.000	         365	        1460	 5.49116e+03	 2.65320e+09	 2.00000e+04	 4.24000e+06	 2.52008e+04	 5.33532e+06	 1.20920e-02
	     215.000	         369	        1478	 5.50022e+03	 2.65329e+09	 2.00000e+04	 4.30000e+06	 2.52130e+04	 5.41095e+06	 1.19682e-02
	     218.000	         373	        1497	 5.50925e+03	 2.65338e+09	 2.00000e+04	 4.36000e+06	 2.52284e+04	 5.48664e+06	 1.18437e-02
	     221.000	         377	        1515	 5.51826e+03	 2.65347e+09	 2.00000e+04	 4.42000e+06	 2.52526e+04	 5.56240e+06	 1.17242e-02
	     224.000	         381	        1533	 5.52724e+03	 2.65356e+09	 2.00000e+04	 4.48000e+06	 2.52654e+04	 5.63819e+06	 1.16018e-02
	     227.000	         385	        1551	 5.53619e+03	 2.65365e+09	 2.00000e+04	 4.54000e+06	 2.52756e+04	 5.71402e+06	 1.14801e-02
	     230.000	         390	        1573	 5.54510e+03	 2.65374e+09	 2.00000e+04	 4.60000e+06	 2.52850e+04	 5.78988e+06	 1.13596e-02
	     233.000	         394	        1590	 5.55399e+03	 2.65383e+09	 2.00000e+04	 4.66000e+06	 2.52943e+04	 5.86576e+06	 1.12376e-02
	     236.000	         398	        1608	 5.56286e+03	 2.65392e+09	 2.00000e+04	 4.72000e+06	 2.53073e+04	 5.94168e+06	 1.11168e-02
	     239.000	         402	        1627	 5.57168e+03	 2.65401e+09	 2.00000e+04	 4.78000e+06	 2.53182e+04	 6.01764e+06	 1.09968e-02
	     242.000	         406	        1646	 5.58049e+03	 2.65410e+09	 2.00000e+04	 4.84000e+06	 2.53280e+04	 6.09362e+06	 1.08780e-02
	     245.000	         410	        1666	 5.58928e+03	 2.65419e+09	 2.00000e+04	 4.90000e+06	 2.53352e+04	 6.16963e+06	 1.07563e-02
	     248.000	         414	        1684	 5.59805e+03	 2.65428e+09	 2.00000e+04	 4.96000e+06	 2.53443e+04	 6.24566e+06	 1.06357e-02
	     251.000	         418	        1704	 5.60679e+03	 2.65436e+09	 2.00000e+04	 5.02000e+06	 2.53516e+04	 6.32171e+06	 1.05157e-02
	     254.000	         422	        1725	 5.61547e+03	 2.65445e+09	 2.00000e+04	 5.08000e+06	 2.53566e+04	 6.39778e+06	 1.03951e-02
	     257.000	         427	        1750	 5.62416e+03	 2.65454e+09	 2.00000e+04	 5.14000e+06	 2.53606e+04	 6.47386e+06	 1.02734e-02
	     260.000	         431	        1770	 5.63284e+03	 2.65463e+09	 2.00000e+04	 5.20000e+06	 2.53684e+04	 6.54997e+06	 1.01499e-02
	     263.000	         435	        1788	 5.64147e+03	 2.65472e+09	 2.00000e+04	 5.26000e+06	 2.53799e+04	 6.62611e+06	 1.00289e-02
	     266.000	         439	        1809	 5.65006e+03	 2.65480e+09	 2.00000e+04	 5.32000e+06	 2.53914e+04	 6.70228e+06	 9.90823e-03
	     269.000	         443	        1830	 5.65864e+03	 2.65489e+09	 2.00000e+04	 5.38000e+06	 2.54023e+04	 6.77849e+06	 9.78672e-03
	     272.000	         447	        1849	 5.66720e+03	 2.65498e+09	 2.00000e+04	 5.44000e+06	 2.54111e+04	 6.85472e+06	 9.66447e-03
	     275.000	         451	        1870	 5.67568e+03	 2.65506e+09	 2.00000e+04	 5.50000e+06	 2.54183e+04	 6.93098e+06	 9.54187e-03
	     278.000	         455	        1890	 5.68422e+03	 2.65515e+09	 2.00000e+04	 5.56000e+06	 2.54248e+04	 7.00725e+06	 9.41869e-03
	     281.000	         459	        1910	 5.69269e+03	 2.65523e+09	 2.00000e+04	 5.62000e+06	 2.54306e+04	 7.08354e+06	 9.29366e-03
	     284.000	         463	        1933	 5.70111e+03	 2.65532e+09	 2.00000e+04	 5.68000e+06	 2.54383e+04	 7.15986e+06	 9.16990e-03
	     287.000	         467	        1953	 5.70953e+03	 2.65540e+09	 2.00000e+04	 5.74000e+06	 2.54456e+04	 7.23620e+06	 9.04458e-03
	     290.000	         471	        1975	 5.71791e+03	 2.65549e+09	 2.00000e+04	 5.80000e+06	 2.54541e+04	 7.31256e+06	 8.91714e-03
	     293.000	         476	        2004	 5.72630e+03	 2.65557e+09	 2.00000e+04	 5.86000e+06	 2.54686e+04	 7.38896e+06	 8.79032e-03
	     296.000	         481	        2029	 5.73465e+03	 2.65566e+09	 2.00000e+04	 5.92000e+06	 2.54753e+04	 7.46539e+06	 8.65896e-03
	     299.000	         485	        2048	 5.74294e+03	 2.65574e+09	 2.00000e+04	 5.98000e+06	 2.54817e+04	 7.54184e+06	 8.52447e-03
	     302.000	         489	        2072	 5.75123e+03	 2.65582e+09	 2.00000e+04	 6.04000e+06	 2.54876e+04	 7.61830e+06	 8.38571e-03
	     305.000	         494	        2099	 5.75956e+03	 2.65591e+09	 2.00000e+04	 6.10000e+06	 2.54900e+04	 7.69477e+06	 8.23615e-03
	     308.000	         498	        2122	 5.76783e+03	 2.65599e+09	 2.00000e+04	 6.16000e+06	 2.54925e+04	 7.77125e+06	 8.08005e-03
	     310.000	         503	        2144	 5.77330e+03	 2.65604e+09	 2.00000e+04	 6.20000e+06	 2.54919e+04	 7.82223e+06	 7.96770e-03
	     313.000	         508	        2170	 5.78149e+03	 2.65613e+09	 2.00000e+04	 6.26000e+06	 2.54949e+04	 7.89871e+06	 7.77917e-03
	     315.000	         512	        2190	 5.78691e+03	 2.65618e+09	 2.00000e+04	 6.30000e+06	 2.55059e+04	 7.94973e+06	 7.63611e-03
	     317.000	         516	        2211	 5.79235e+03	 2.65624e+09	 2.00000e+04	 6.34000e+06	 2.56080e+04	 8.00094e+06	 7.47404e-03
	     319.000	         522	        2238	 5.79774e+03	 2.65629e+09	 2.00000e+04	 6.38000e+06	 2.61098e+04	 8.05316e+06	 7.33410e-03
	     321.000	         527	        2263	 5.80294e+03	 2.65634e+09	 2.00000e+04	 6.42000e+06	 2.74218e+04	 8.10801e+06	 7.45800e-03
	     323.000	         531	        2283	 5.80790e+03	 2.65640e+09	 2.00000e+04	 6.46000e+06	 2.90566e+04	 8.16612e+06	 7.78492e-03
	     325.000	         535	        2304	 5.81263e+03	 2.65644e+09	 2.00000e+04	 6.50000e+06	 3.07186e+04	 8.22756e+06	 8.16215e-03
	     327.000	         538	        2321	 5.81713e+03	 2.65649e+09	 2.00000e+04	 6.54000e+06	 3.24750e+04	 8.29251e+06	 8.58672e-03
	     329.000	         542	        2343	 5.82139e+03	 2.65653e+09	 2.00000e+04	 6.58000e+06	 3.41613e+04	 8.36083e+06	 8.96832e-03
	     331.000	         546	        2365	 5.82542e+03	 2.65657e+09	 2.00000e+04	 6.62000e+06	 3.56850e+04	 8.43220e+06	 9.29004e-03
	     333.000	         548	        2379	 5.82924e+03	 2.65661e+09	 2.00000e+04	 6.66000e+06	 3.71349e+04	 8.50647e+06	 9.57724e-03
	     335.000	         554	        2411	 5.83288e+03	 2.65665e+09	 2.00000e+04	 6.70000e+06	 3.85912e+04	 8.58365e+06	 9.85497e-03
	     337.000	         562	        2448	 5.83633e+03	 2.65668e+09	 2.00000e+04	 6.74000e+06	 4.01351e+04	 8.66392e+06	 1.01566e-02
	     339.000	         566	        2470	 5.83957e+03	 2.65671e+09	 2.00000e+04	 6.78000e+06	 4.17708e+04	 8.74746e+06	 1.04935e-02
	     341.000	         569	        2489	 5.84261e+03	 2.65675e+09	 2.00000e+04	 6.82000e+06	 4.34028e+04	 8.83427e+06	 1.08576e-02
	     343.000	         573	        2511	 5.84545e+03	 2.65678e+09	 2.00000e+04	 6.86000e+06	 4.50133e+04	 8.92429e+06	 1.12258e-02
	     345.000	         577	        2533	 5.84811e+03	 2.65680e+09	 2.00000e+04	 6.90000e+06	 4.64814e+04	 9.01726e+06	 1.15834e-02
	     347.000	         579	        2547	 5.85061e+03	 2.65683e+09	 2.00000e+04	 6.94000e+06	 4.77813e+04	 9.11282e+06	 1.19078e-02
	     349.000	         582	        2564	 5.85298e+03	 2.65685e+09	 2.00000e+04	 6.98000e+06	 4.89654e+04	 9.21075e+06	 1.21993e-02
	     351.000	         584	        2578	 5.85521e+03	 2.65687e+09	 2.00000e+04	 7.02000e+06	 5.00351e+04	 9.31082e+06	 1.24603e-02
	     353.000	         587	        2597	 5.85732e+03	 2.65689e+09	 2.00000e+04	 7.06000e+06	 5.10079e+04	 9.41284e+06	 1.26936e-02
	     355.000	         589	        2610	 5.85932e+03	 2.65692e+09	 2.00000e+04	 7.10000e+06	 5.19148e+04	 9.51667e+06	 1.29010e-02
	     357.000	         592	        2630	 5.86121e+03	 2.65693e+09	 2.00000e+04	 7.14000e+06	 5.27313e+04	 9.62213e+06	 1.30815e-02
	     359.000	         594	        2643	 5.86300e+03	 2.65695e+09	 2.00000e+04	 7.18000e+06	 5.35105e+04	 9.72915e+06	 1.32460e-02
	     360.000	         596	        2657	 5.86388e+03	 2.65696e+09	 2.00000e+04	 7.20000e+06	 5.38900e+04	 9.78304e+06	 1.33253e-02
	     362.000	         598	        2672	 5.86556e+03	 2.65698e+09	 2.00000e+04	 7.24000e+06	 5.46242e+04	 9.89229e+06	 1.34732e-02
	     363.200	         600	        2684	 5.86653e+03	 2.65699e+09	 2.00000e+04	 7.26400e+06	 5.50688e+04	 9.95837e+06	 1.35562e-02
	     365.600	         603	        2707	 5.86838e+03	 2.65700e+09	 2.00000e+04	 7.31200e+06	 5.59101e+04	 1.00926e+07	 1.37120e-02
	     370.400	         607	        2740	 5.87170e+03	 2.65704e+09	 2.00000e+04	 7.40800e+06	 5.75301e+04	 1.03687e+07	 1.40144e-02
	     371.900	         609	        2752	 5.87270e+03	 2.65705e+09	 2.00000e+04	 7.43800e+06	 5.80304e+04	 1.04557e+07	 1.41085e-02
	     374.900	         613	        2775	 5.87454e+03	 2.65707e+09	 2.00000e+04	 7.49800e+06	 5.89842e+04	 1.06327e+07	 1.42840e-02
	     379.900	         620	        2813	 5.87723e+03	 2.65709e+09	 2.00000e+04	 7.59800e+06	 6.04649e+04	 1.09350e+07	 1.45583e-02
	     384.900	         625	        2844	 5.87944e+03	 2.65712e+09	 2.00000e+04	 7.69800e+06	 6.18534e+04	 1.12443e+07	 1.48200e-02
	     389.900	         628	        2866	 5.88128e+03	 2.65714e+09	 2.00000e+04	 7.79800e+06	 6.31879e+04	 1.15602e+07	 1.50704e-02
	     394.900	         633	        2897	 5.88281e+03	 2.65715e+09	 2.00000e+04	 7.89800e+06	 6.44439e+04	 1.18824e+07	 1.52991e-02
	     399.900	         635	        2912	 5.88402e+03	 2.65716e+09	 2.00000e+04	 7.99800e+06	 6.56068e+04	 1.22105e+07	 1.55073e-02
	     404.900	         638	        2932	 5.88497e+03	 2.65717e+09	 2.00000e+04	 8.09800e+06	 6.66897e+04	 1.25439e+07	 1.56992e-02
	     409.900	         641	        2951	 5.88567e+03	 2.65718e+09	 2.00000e+04	 8.19800e+06	 6.77184e+04	 1.28825e+07	 1.58818e-02
	     414.900	         644	        2970	 5.88610e+03	 2.65718e+09	 2.00000e+04	 8.29800e+06	 6.87181e+04	 1.32261e+07	 1.60599e-02
	     419.900	         647	        2991	 5.88621e+03	 2.65718e+09	 2.00000e+04	 8.39800e+06	 6.96791e+04	 1.35745e+07	 1.62341e-02
	     424.900	         649	        3005	 5.88608e+03	 2.65718e+09	 2.00002e+04	 8.49800e+06	 7.06005e+04	 1.39275e+07	 1.64032e-02
	     429.900	         652	        3023	 5.88569e+03	 2.65718e+09	 2.00000e+04	 8.59800e+06	 7.14967e+04	 1.42850e+07	 1.65682e-02
	     434.900	         655	        3039	 5.88507e+03	 2.65717e+09	 2.00000e+04	 8.69800e+06	 7.23567e+04	 1.46468e+07	 1.67253e-02
	     439.900	         658	        3057	 5.88422e+03	 2.65716e+09	 2.00000e+04	 8.79800e+06	 7.32218e+04	 1.50129e+07	 1.69031e-02
	     444.900	         660	        3070	 5.88318e+03	 2.65715e+09	 2.00000e+04	 8.89800e+06	 7.40015e+04	 1.53829e+07	 1.70548e-02
	     449.900	         662	        3083	 5.88195e+03	 2.65714e+09	 2.00000e+04	 8.99800e+06	 7.47565e+04	 1.57567e+07	 1.71953e-02
	     454.900	         665	        3100	 5.88054e+03	 2.65713e+09	 2.00000e+04	 9.09800e+06	 7.54927e+04	 1.61341e+07	 1.73336e-02
	     459.900	         668	        3119	 5.87894e+03	 2.65711e+09	 2.00000e+04	 9.19800e+06	 7.61604e+04	 1.65149e+07	 1.74590e-02
	     464.900	         671	        3139	 5.87715e+03	 2.65709e+09	 2.00000e+04	 9.29800e+06	 7.68080e+04	 1.68990e+07	 1.75826e-02
	     469.900	         674	        3159	 5.87520e+03	 2.65707e+09	 2.00000e+04	 9.39800e+06	 7.74881e+04	 1.72864e+07	 1.77140e-02
	     474.900	         676	        3171	 5.87307e+03	 2.65705e+09	 2.00000e+04	 9.49800e+06	 7.81124e+04	 1.76770e+07	 1.78455e-02
	     479.900	         679	        3189	 5.87078e+03	 2.65703e+09	 2.00000e+04	 9.59800e+06	 7.87616e+04	 1.80708e+07	 1.79805e-02
	     484.900	         681	        3204	 5.86833e+03	 2.65700e+09	 2.00000e+04	 9.69800e+06	 7.93548e+04	 1.84676e+07	 1.81078e-02
	     486.400	         685	        3218	 5.86758e+03	 2.65700e+09	 2.00000e+04	 9.72800e+06	 7.95401e+04	 1.85869e+07	 1.81428e-02
	     489.400	         687	        3229	 5.86603e+03	 2.65698e+09	 2.00000e+04	 9.78800e+06	 7.98725e+04	 1.88265e+07	 1.82158e-02
	     494.400	         690	        3247	 5.86334e+03	 2.65695e+09	 2.00000e+04	 9.88800e+06	 8.04321e+04	 1.92287e+07	 1.83327e-02
	     499.400	         692	        3260	 5.86049e+03	 2.65692e+09	 2.00000e+04	 9.98800e+06	 8.09995e+04	 1.96337e+07	 1.84554e-02
	     504.400	         696	        3283	 5.85750e+03	 2.65690e+09	 2.00000e+04	 1.00880e+07	 8.15756e+04	 2.00415e+07	 1.85813e-02
	     509.400	         698	        3296	 5.85438e+03	 2.65686e+09	 2.00000e+04	 1.01880e+07	 8.21001e+04	 2.04520e+07	 1.87005e-02
	     514.400	         700	        3309	 5.85114e+03	 2.65683e+09	 2.00000e+04	 1.02880e+07	 8.26152e+04	 2.08651e+07	 1.88180e-02
	     519.400	         703	        3325	 5.84775e+03	 2.65680e+09	 2.00000e+04	 1.03880e+07	 8.31712e+04	 2.12810e+07	 1.89439e-02
	     524.400	         705	        3339	 5.84420e+03	 2.65676e+09	 2.00000e+04	 1.04880e+07	 8.36366e+04	 2.16991e+07	 1.90705e-02
	     529.400	         709	        3383	 5.84057e+03	 2.65672e+09	 2.00000e+04	 1.05880e+07	 8.41426e+04	 2.21199e+07	 1.91842e-02
	     534.400	         711	        3396	 5.83682e+03	 2.65669e+09	 2.00000e+04	 1.06880e+07	 8.44950e+04	 2.25423e+07	 1.92762e-02
	     539.400	         713	        3411	 5.83298e+03	 2.65665e+09	 2.00000e+04	 1.07880e+07	 8.49432e+04	 2.29671e+07	 1.93803e-02
	     544.400	         715	        3425	 5.82901e+03	 2.65661e+09	 2.00000e+04	 1.08880e+07	 8.54162e+04	 2.33941e+07	 1.94981e-02
	     549.400	         718	        3442	 5.82493e+03	 2.65656e+09	 2.00000e+04	 1.09880e+07	 8.59117e+04	 2.38237e+07	 1.96146e-02
	     554.400	         720	        3455	 5.82073e+03	 2.65652e+09	 2.00000e+04	 1.10880e+07	 8.63520e+04	 2.42555e+07	 1.97318e-02
	     559.400	         722	        3468	 5.81641e+03	 2.65648e+09	 2.00000e+04	 1.11880e+07	 8.67707e+04	 2.46893e+07	 1.98405e-02
	     564.400	         724	        3481	 5.81204e+03	 2.65644e+09	 1.99633e+04	 1.12878e+07	 8.70169e+04	 2.51244e+07	 1.98410e-02
	     569.400	         726	        3493	 5.80761e+03	 2.65639e+09	 1.99162e+04	 1.13874e+07	 8.72573e+04	 2.55607e+07	 1.98241e-02
	     574.400	         729	        3511	 5.80321e+03	 2.65635e+09	 1.98740e+04	 1.14868e+07	 8.75100e+04	 2.59982e+07	 1.98062e-02
	     579.400	         732	        3530	 5.79878e+03	 2.65630e+09	 1.98322e+04	 1.15859e+07	 8.77514e+04	 2.64370e+07	 1.97884e-02
	     584.400	         735	        3547	 5.79432e+03	 2.65626e+09	 1.97912e+04	 1.16849e+07	 8.79999e+04	 2.68770e+07	 1.97704e-02
	     585.900	         740	        3572	 5.79298e+03	 2.65624e+09	 1.97797e+04	 1.17146e+07	 8.80698e+04	 2.70091e+07	 1.97649e-02
	     588.150	         742	        3581	 5.79096e+03	 2.65622e+09	 1.97618e+04	 1.17590e+07	 8.81709e+04	 2.72075e+07	 1.97570e-02
	     592.650	         744	        3593	 5.78689e+03	 2.65618e+09	 1.97269e+04	 1.18478e+07	 8.83810e+04	 2.76052e+07	 1.97409e-02
	     597.650	         750	        3625	 5.78234e+03	 2.65614e+09	 1.96844e+04	 1.19462e+07	 8.86261e+04	 2.80483e+07	 1.97234e-02
	     602.650	         753	        3641	 5.77772e+03	 2.65609e+09	 1.96448e+04	 1.20444e+07	 8.88624e+04	 2.84926e+07	 1.97057e-02
	     604.150	         755	        3650	 5.77632e+03	 2.65608e+09	 1.96333e+04	 1.20739e+07	 8.89319e+04	 2.86260e+07	 1.97004e-02
	     607.150	         757	        3661	 5.77351e+03	 2.65605e+09	 1.96107e+04	 1.21327e+07	 8.90740e+04	 2.88932e+07	 1.96895e-02
	     612.150	         762	        3697	 5.76883e+03	 2.65600e+09	 1.95739e+04	 1.22306e+07	 8.93099e+04	 2.93398e+07	 1.96714e-02
	     613.650	         764	        3704	 5.76740e+03	 2.65598e+09	 1.95623e+04	 1.22599e+07	 8.93770e+04	 2.94739e+07	 1.96662e-02
	     616.650	         771	        3743	 5.76457e+03	 2.65596e+09	 1.95399e+04	 1.23186e+07	 8.95362e+04	 2.97425e+07	 1.96549e-02
	     618.000	         773	        3752	 5.76329e+03	 2.65594e+09	 1.95296e+04	 1.23449e+07	 8.96063e+04	 2.98634e+07	 1.96500e-02
	     620.700	         775	        3763	 5.76071e+03	 2.65592e+09	 1.95073e+04	 1.23976e+07	 8.97649e+04	 3.01058e+07	 1.96399e-02
	     625.700	         779	        3783	 5.75588e+03	 2.65587e+09	 1.94482e+04	 1.24948e+07	 9.01788e+04	 3.05567e+07	 1.96215e-02
	     630.700	         782	        3800	 5.75092e+03	 2.65582e+09	 1.93665e+04	 1.25917e+07	 9.07465e+04	 3.10104e+07	 1.96046e-02
	     635.700	         784	        3811	 5.74579e+03	 2.65577e+09	 1.92607e+04	 1.26880e+07	 9.14606e+04	 3.14677e+07	 1.95900e-02
	     640.700	         786	        3822	 5.74050e+03	 2.65572e+09	 1.91388e+04	 1.27837e+07	 9.22350e+04	 3.19289e+07	 1.95767e-02
	     645.700	         788	        3836	 5.73507e+03	 2.65566e+09	 1.90172e+04	 1.28787e+07	 9.29605e+04	 3.23937e+07	 1.95641e-02
	     650.700	         790	        3850	 5.72952e+03	 2.65560e+09	 1.89017e+04	 1.29732e+07	 9.35856e+04	 3.28616e+07	 1.95525e-02
	     655.700	         792	        3863	 5.72384e+03	 2.65555e+09	 1.88012e+04	 1.30673e+07	 9.40782e+04	 3.33320e+07	 1.95409e-02
	     660.700	         794	        3877	 5.71813e+03	 2.65549e+09	 1.87153e+04	 1.31608e+07	 9.44656e+04	 3.38044e+07	 1.95291e-02
	     665.700	         796	        3893	 5.71234e+03	 2.65543e+09	 1.86393e+04	 1.32540e+07	 9.47828e+04	 3.42783e+07	 1.95169e-02
	     670.700	         804	        3952	 5.70658e+03	 2.65537e+09	 1.85750e+04	 1.33469e+07	 9.50182e+04	 3.47534e+07	 1.95045e-02
	     675.700	         810	        3978	 5.70080e+03	 2.65532e+09	 1.85282e+04	 1.34395e+07	 9.51826e+04	 3.52293e+07	 1.94906e-02
	     680.700	         812	        3989	 5.69495e+03	 2.65526e+09	 1.84710e+04	 1.35319e+07	 9.54005e+04	 3.57063e+07	 1.94776e-02
	     685.700	         814	        4000	 5.68908e+03	 2.65520e+09	 1.84103e+04	 1.36240e+07	 9.56347e+04	 3.61845e+07	 1.94649e-02
	     690.700	         816	        4012	 5.68322e+03	 2.65514e+09	 1.83534e+04	 1.37157e+07	 9.58408e+04	 3.66637e+07	 1.94522e-02
	     695.700	         818	        4025	 5.67731e+03	 2.65508e+09	 1.82916e+04	 1.38072e+07	 9.60515e+04	 3.71439e+07	 1.94404e-02
	     700.700	         821	        4043	 5.67142e+03	 2.65502e+09	 1.82495e+04	 1.38984e+07	 9.61906e+04	 3.76249e+07	 1.94265e-02
	     705.700	         823	        4055	 5.66548e+03	 2.65496e+09	 1.82011e+04	 1.39894e+07	 9.63542e+04	 3.81066e+07	 1.94136e-02
	     710.700	         825	        4067	 5.65951e+03	 2.65490e+09	 1.81513e+04	 1.40802e+07	 9.65263e+04	 3.85893e+07	 1.94007e-02
	     715.700	         828	        4083	 5.65355e+03	 2.65484e+09	 1.81017e+04	 1.41707e+07	 9.66896e+04	 3.90727e+07	 1.93880e-02
	     720.000	         830	        4095	 5.64839e+03	 2.65479e+09	 1.80601e+04	 1.42484e+07	 9.68141e+04	 3.94890e+07	 1.93773e-02
	     725.000	         832	        4107	 5.64237e+03	 2.65473e+09	 1.80132e+04	 1.43384e+07	 9.69456e+04	 3.99737e+07	 1.93648e-02
	     735.000	         835	        4125	 5.63032e+03	 2.65460e+09	 1.79191e+04	 1.45176e+07	 9.72026e+04	 4.09458e+07	 1.93400e-02
	     745.000	         838	        4143	 5.61822e+03	 2.65448e+09	 1.78253e+04	 1.46959e+07	 9.74445e+04	 4.19202e+07	 1.93157e-02
	     755.000	         841	        4160	 5.60610e+03	 2.65436e+09	 1.77334e+04	 1.48732e+07	 9.76714e+04	 4.28969e+07	 1.92914e-02
	     765.000	         844	        4178	 5.59397e+03	 2.65424e+09	 1.76431e+04	 1.50496e+07	 9.78867e+04	 4.38758e+07	 1.92674e-02
	     775.000	         847	        4197	 5.58184e+03	 2.65412e+09	 1.75559e+04	 1.52252e+07	 9.80934e+04	 4.48567e+07	 1.92435e-02
	     785.000	         850	        4216	 5.56967e+03	 2.65399e+09	 1.74715e+04	 1.53999e+07	 9.82856e+04	 4.58396e+07	 1.92196e-02
	     795.000	         853	        4235	 5.55750e+03	 2.65387e+09	 1.73890e+04	 1.55738e+07	 9.84687e+04	 4.68243e+07	 1.91959e-02
	     805.000	         856	        4254	 5.54534e+03	 2.65375e+09	 1.73063e+04	 1.57469e+07	 9.86513e+04	 4.78108e+07	 1.91724e-02
	     815.000	         859	        4272	 5.53316e+03	 2.65362e+09	 1.72242e+04	 1.59191e+07	 9.88201e+04	 4.87990e+07	 1.91493e-02
	     825.000	         862	        4293	 5.52101e+03	 2.65350e+09	 1.71432e+04	 1.60905e+07	 9.89773e+04	 4.97888e+07	 1.91265e-02
	     835.000	         865	        4311	 5.50887e+03	 2.65338e+09	 1.70627e+04	 1.62612e+07	 9.91229e+04	 5.07800e+07	 1.91042e-02
	     845.000	         868	        4332	 5.49672e+03	 2.65326e+09	 1.69815e+04	 1.64310e+07	 9.92637e+04	 5.17726e+07	 1.90821e-02
	     855.000	         871	        4352	 5.48459e+03	 2.65314e+09	 1.69011e+04	 1.66000e+07	 9.93931e+04	 5.27666e+07	 1.90602e-02
	     865.000	         874	        4374	 5.47244e+03	 2.65301e+09	 1.68206e+04	 1.67682e+07	 9.95177e+04	 5.37617e+07	 1.90385e-02
	     875.000	         877	        4400	 5.46033e+03	 2.65289e+09	 1.67400e+04	 1.69356e+07	 9.96356e+04	 5.47581e+07	 1.90172e-02
	     885.000	         880	        4424	 5.44826e+03	 2.65277e+09	 1.66652e+04	 1.71022e+07	 9.97317e+04	 5.57554e+07	 1.89952e-02
	     885.900	         882	        4433	 5.44718e+03	 2.65276e+09	 1.66598e+04	 1.71172e+07	 9.97387e+04	 5.58452e+07	 1.89931e-02
	     887.700	         884	        4443	 5.44501e+03	 2.65274e+09	 1.66486e+04	 1.71472e+07	 9.97344e+04	 5.60247e+07	 1.89891e-02
	     891.300	         886	        4455	 5.44068e+03	 2.65269e+09	 1.66238e+04	 1.72070e+07	 9.97616e+04	 5.63838e+07	 1.89810e-02
	     898.500	         889	        4472	 5.43202e+03	 2.65260e+09	 1.65661e+04	 1.73263e+07	 9.98557e+04	 5.71028e+07	 1.89656e-02
	     908.500	         892	        4491	 5.42002e+03	 2.65248e+09	 1.64890e+04	 1.74912e+07	 9.99514e+04	 5.81023e+07	 1.89444e-02
	     918.500	         895	        4512	 5.40805e+03	 2.65236e+09	 1.64150e+04	 1.76554e+07	 1.00038e+05	 5.91027e+07	 1.89232e-02
	     928.500	         898	        4531	 5.39611e+03	 2.65224e+09	 1.63425e+04	 1.78188e+07	 1.00123e+05	 6.01039e+07	 1.89020e-02
	     938.500	         901	        4551	 5.38420e+03	 2.65212e+09	 1.62706e+04	 1.79815e+07	 1.00205e+05	 6.11060e+07	 1.88809e-02
	     948.500	         904	        4568	 5.37233e+03	 2.65200e+09	 1.61993e+04	 1.81435e+07	 1.00276e+05	 6.21087e+07	 1.88600e-02
	     958.500	         907	        4588	 5.36051e+03	 2.65188e+09	 1.61282e+04	 1.83048e+07	 1.00349e+05	 6.31122e+07	 1.88391e-02
	     968.500	         910	        4609	 5.34874e+03	 2.65176e+09	 1.60582e+04	 1.84654e+07	 1.00406e+05	 6.41163e+07	 1.88183e-02
	     978.500	         913	        4629	 5.33701e+03	 2.65165e+09	 1.59861e+04	 1.86252e+07	 1.00464e+05	 6.51209e+07	 1.87979e-02
	     988.500	         916	        4649	 5.32532e+03	 2.65153e+09	 1.59133e+04	 1.87843e+07	 1.00526e+05	 6.61262e+07	 1.87776e-02
	     998.500	         919	        4670	 5.31368e+03	 2.65141e+09	 1.58422e+04	 1.89428e+07	 1.00583e+05	 6.71320e+07	 1.87575e-02
	    1008.500	         923	        4696	 5.30211e+03	 2.65130e+09	 1.57729e+04	 1.91005e+07	 1.00619e+05	 6.81382e+07	 1.87374e-02
	    1018.500	         926	        4715	 5.29059e+03	 2.65118e+09	 1.57054e+04	 1.92576e+07	 1.00636e+05	 6.91446e+07	 1.87174e-02
	    1028.500	         929	        4734	 5.27913e+03	 2.65106e+09	 1.56389e+04	 1.94139e+07	 1.00638e+05	 7.01509e+07	 1.86975e-02
	    1038.500	         933	        4760	 5.26777e+03	 2.65095e+09	 1.55745e+04	 1.95697e+07	 1.00637e+05	 7.11573e+07	 1.86774e-02
	    1048.500	         937	        4783	 5.25650e+03	 2.65083e+09	 1.55112e+04	 1.97248e+07	 1.00624e+05	 7.21636e+07	 1.86574e-02
	    1058.500	         940	        4803	 5.24531e+03	 2.65072e+09	 1.54482e+04	 1.98793e+07	 1.00612e+05	 7.31697e+07	 1.86375e-02
	    1068.500	         943	        4823	 5.23420e+03	 2.65061e+09	 1.53856e+04	 2.00331e+07	 1.00598e+05	 7.41757e+07	 1.86175e-02
	    1078.500	         947	        4848	 5.22319e+03	 2.65050e+09	 1.53220e+04	 2.01864e+07	 1.00598e+05	 7.51816e+07	 1.85975e-02
	    1080.000	         948	        4852	 5.22147e+03	 2.65048e+09	 1.53117e+04	 2.02093e+07	 1.00594e+05	 7.53325e+07	 1.85946e-02
	    1083.000	         950	        4864	 5.21818e+03	 2.65045e+09	 1.52928e+04	 2.02552e+07	 1.00601e+05	 7.56343e+07	 1.85885e-02
	    1089.000	         952	        4877	 5.21160e+03	 2.65038e+09	 1.52516e+04	 2.03467e+07	 1.00636e+05	 7.62381e+07	 1.85764e-02
	    1101.000	         955	        4897	 5.19848e+03	 2.65025e+09	 1.51603e+04	 2.05286e+07	 1.00757e+05	 7.74472e+07	 1.85527e-02
	    1125.000	         959	        4924	 5.17239e+03	 2.64999e+09	 1.49713e+04	 2.08879e+07	 1.01016e+05	 7.98716e+07	 1.85057e-02
	    1165.000	         967	        4973	 5.12968e+03	 2.64956e+09	 1.46770e+04	 2.14750e+07	 1.01285e+05	 8.39230e+07	 1.84270e-02
	    1205.000	         974	        5018	 5.08794e+03	 2.64913e+09	 1.44113e+04	 2.20515e+07	 1.01449e+05	 8.79810e+07	 1.83469e-02
	    1245.000	         980	        5060	 5.04731e+03	 2.64872e+09	 1.41810e+04	 2.26187e+07	 1.01630e+05	 9.20462e+07	 1.82674e-02
	    1285.000	         987	        5105	 5.00796e+03	 2.64833e+09	 1.39570e+04	 2.31770e+07	 1.01822e+05	 9.61190e+07	 1.81881e-02
	    1325.000	         992	        5138	 4.97030e+03	 2.64795e+09	 1.37333e+04	 2.37263e+07	 1.02053e+05	 1.00201e+08	 1.81092e-02
	    1337.000	         994	        5152	 4.95932e+03	 2.64784e+09	 1.36584e+04	 2.38902e+07	 1.02165e+05	 1.01427e+08	 1.80856e-02
	    1361.000	         998	        5180	 4.93795e+03	 2.64762e+09	 1.35169e+04	 2.42146e+07	 1.02406e+05	 1.03885e+08	 1.80379e-02
	    1401.000	        1010	        5275	 4.90387e+03	 2.64728e+09	 1.33124e+04	 2.47471e+07	 1.02638e+05	 1.07990e+08	 1.79589e-02
	    1421.000	        1013	        5295	 4.88739e+03	 2.64711e+09	 1.32145e+04	 2.50114e+07	 1.02743e+05	 1.10045e+08	 1.79194e-02
	    1440.000	        1016	        5317	 4.87207e+03	 2.64696e+09	 1.31203e+04	 2.52607e+07	 1.02866e+05	 1.12000e+08	 1.78819e-02
	    1478.000	        1023	        5366	 4.84233e+03	 2.64666e+09	 1.29453e+04	 2.57526e+07	 1.03046e+05	 1.15915e+08	 1.78072e-02
	    1518.000	        1030	        5408	 4.81202e+03	 2.64635e+09	 1.27692e+04	 2.62634e+07	 1.03215e+05	 1.20044e+08	 1.77297e-02
	    1558.000	        1037	        5455	 4.78304e+03	 2.64606e+09	 1.26055e+04	 2.67676e+07	 1.03366e+05	 1.24179e+08	 1.76532e-02
	    1598.000	        1044	        5502	 4.75518e+03	 2.64578e+09	 1.24478e+04	 2.72655e+07	 1.03531e+05	 1.28320e+08	 1.75774e-02
	    1638.000	        1055	        5571	 4.72819e+03	 2.64551e+09	 1.23006e+04	 2.77576e+07	 1.03649e+05	 1.32466e+08	 1.75023e-02
	    1658.000	        1058	        5589	 4.71490e+03	 2.64537e+09	 1.22262e+04	 2.80021e+07	 1.03701e+05	 1.34540e+08	 1.74649e-02
	    1698.000	        1068	        5645	 4.68897e+03	 2.64511e+09	 1.20863e+04	 2.84855e+07	 1.03750e+05	 1.38690e+08	 1.73908e-02
	    1738.000	        1075	        5690	 4.66357e+03	 2.64486e+09	 1.19522e+04	 2.89636e+07	 1.03796e+05	 1.42842e+08	 1.73175e-02
	    1778.000	        1081	        5728	 4.63838e+03	 2.64460e+09	 1.18061e+04	 2.94359e+07	 1.04005e+05	 1.47002e+08	 1.72450e-02
	    1800.000	        1084	        5747	 4.62449e+03	 2.64446e+09	 1.17179e+04	 2.96937e+07	 1.04211e+05	 1.49295e+08	 1.72053e-02
	    1840.000	        1089	        5783	 4.59900e+03	 2.64420e+09	 1.15454e+04	 3.01555e+07	 1.04687e+05	 1.53482e+08	 1.71338e-02
	    1880.000	        1095	        5823	 4.57325e+03	 2.64394e+09	 1.13749e+04	 3.06105e+07	 1.05161e+05	 1.57689e+08	 1.70625e-02
	    1920.000	        1100	        5853	 4.54725e+03	 2.64368e+09	 1.12096e+04	 3.10589e+07	 1.05643e+05	 1.61914e+08	 1.69917e-02
	    1960.000	        1105	        5881	 4.52114e+03	 2.64342e+09	 1.10543e+04	 3.15010e+07	 1.06004e+05	 1.66154e+08	 1.69215e-02
	    2000.000	        1110	        5913	 4.49506e+03	 2.64316e+09	 1.09059e+04	 3.19373e+07	 1.06225e+05	 1.70403e+08	 1.68517e-02
	    2040.000	        1115	        5940	 4.46914e+03	 2.64289e+09	 1.07651e+04	 3.23679e+07	 1.06330e+05	 1.74657e+08	 1.67825e-02
	    2080.000	        1121	        5976	 4.44363e+03	 2.64264e+09	 1.06308e+04	 3.27931e+07	 1.06361e+05	 1.78911e+08	 1.67139e-02
	    2120.000	        1127	        6008	 4.41862e+03	 2.64238e+09	 1.05029e+04	 3.32132e+07	 1.06317e+05	 1.83164e+08	 1.66460e-02
	    2160.000	        1134	        6044	 4.39411e+03	 2.64214e+09	 1.03781e+04	 3.36283e+07	 1.06227e+05	 1.87413e+08	 1.65787e-02
	    2200.000	        1141	        6078	 4.37014e+03	 2.64190e+09	 1.02568e+04	 3.40386e+07	 1.06121e+05	 1.91658e+08	 1.65121e-02
	    2240.000	        1150	        6124	 4.34674e+03	 2.64166e+09	 1.01398e+04	 3.44442e+07	 1.06009e+05	 1.95898e+08	 1.64461e-02
	    2280.000	        1158	        6166	 4.32393e+03	 2.64143e+09	 1.00274e+04	 3.48453e+07	 1.05885e+05	 2.00133e+08	 1.63807e-02
	    2320.000	        1163	        6196	 4.30160e+03	 2.64120e+09	 9.91694e+03	 3.52420e+07	 1.05822e+05	 2.04366e+08	 1.63159e-02
	    2360.000	        1168	        6225	 4.27969e+03	 2.64098e+09	 9.80725e+03	 3.56343e+07	 1.05829e+05	 2.08599e+08	 1.62517e-02
	    2400.000	        1173	        6254	 4.25821e+03	 2.64077e+09	 9.69681e+03	 3.60221e+07	 1.05864e+05	 2.12834e+08	 1.61880e-02
	    2440.000	        1178	        6282	 4.23707e+03	 2.64056e+09	 9.58065e+03	 3.64054e+07	 1.05960e+05	 2.17072e+08	 1.61246e-02
	    2480.000	        1183	        6312	 4.21617e+03	 2.64034e+09	 9.46023e+03	 3.67838e+07	 1.06163e+05	 2.21319e+08	 1.60610e-02
	    2520.000	        1188	        6340	 4.19553e+03	 2.64014e+09	 9.33699e+03	 3.71572e+07	 1.06413e+05	 2.25575e+08	 1.59976e-02
	    2560.000	        1192	        6366	 4.17519e+03	 2.63993e+09	 9.21705e+03	 3.75259e+07	 1.06655e+05	 2.29842e+08	 1.59345e-02
	    2600.000	        1198	        6402	 4.15519e+03	 2.63973e+09	 9.10067e+03	 3.78900e+07	 1.06901e+05	 2.34118e+08	 1.58722e-02
	    2640.000	        1203	        6434	 4.13558e+03	 2.63953e+09	 8.98946e+03	 3.82495e+07	 1.07119e+05	 2.38402e+08	 1.58106e-02
	    2680.000	        1208	        6464	 4.11648e+03	 2.63934e+09	 8.88211e+03	 3.86048e+07	 1.07332e+05	 2.42696e+08	 1.57500e-02
	    2720.000	        1212	        6491	 4.09790e+03	 2.63915e+09	 8.77880e+03	 3.89560e+07	 1.07535e+05	 2.46997e+08	 1.56902e-02
	    2760.000	        1217	        6522	 4.07987e+03	 2.63897e+09	 8.67874e+03	 3.93031e+07	 1.07763e+05	 2.51308e+08	 1.56318e-02
	    2800.000	        1221	        6550	 4.06241e+03	 2.63879e+09	 8.58086e+03	 3.96464e+07	 1.08052e+05	 2.55630e+08	 1.55748e-02
	    2840.000	        1226	        6584	 4.04549e+03	 2.63862e+09	 8.48489e+03	 3.99858e+07	 1.08403e+05	 2.59966e+08	 1.55191e-02
	    2880.000	        1231	        6618	 4.02919e+03	 2.63846e+09	 8.39196e+03	 4.03214e+07	 1.08778e+05	 2.64317e+08	 1.54648e-02
	    2920.000	        1236	        6655	 4.01358e+03	 2.63830e+09	 8.29976e+03	 4.06534e+07	 1.09158e+05	 2.68683e+08	 1.54115e-02
	    2960.000	        1241	        6693	 3.99877e+03	 2.63815e+09	 8.20990e+03	 4.09818e+07	 1.09532e+05	 2.73065e+08	 1.53595e-02
	    3000.000	        1245	        6726	 3.98489e+03	 2.63801e+09	 8.12523e+03	 4.13068e+07	 1.09943e+05	 2.77462e+08	 1.53082e-02
	    3040.000	        1250	        6766	 3.97186e+03	 2.63788e+09	 8.04525e+03	 4.16286e+07	 1.10377e+05	 2.81877e+08	 1.52579e-02
	    3080.000	        1255	        6806	 3.95937e+03	 2.63775e+09	 7.96686e+03	 4.19473e+07	 1.10819e+05	 2.86310e+08	 1.52083e-02
	    3120.000	        1259	        6839	 3.94721e+03	 2.63763e+09	 7.88904e+03	 4.22629e+07	 1.11266e+05	 2.90761e+08	 1.51587e-02
	    3160.000	        1263	        6871	 3.93523e+03	 2.63751e+09	 7.81037e+03	 4.25753e+07	 1.11725e+05	 2.95230e+08	 1.51091e-02
	    3200.000	        1267	        6903	 3.92336e+03	 2.63739e+09	 7.73213e+03	 4.28846e+07	 1.12193e+05	 2.99717e+08	 1.50597e-02
	    3240.000	        1271	        6933	 3.91152e+03	 2.63727e+09	 7.65554e+03	 4.31908e+07	 1.12681e+05	 3.04225e+08	 1.50107e-02
	    3280.000	        1275	        6965	 3.89967e+03	 2.63715e+09	 7.58014e+03	 4.34940e+07	 1.13218e+05	 3.08753e+08	 1.49622e-02
	    3320.000	        1280	        7003	 3.88778e+03	 2.63703e+09	 7.50568e+03	 4.37942e+07	 1.13768e+05	 3.13304e+08	 1.49141e-02
	    3360.000	        1285	        7041	 3.87582e+03	 2.63691e+09	 7.43018e+03	 4.40914e+07	 1.14373e+05	 3.17879e+08	 1.48662e-02
	    3400.000	        1290	        7077	 3.86376e+03	 2.63679e+09	 7.35210e+03	 4.43855e+07	 1.15053e+05	 3.22481e+08	 1.48187e-02
	    3440.000	        1295	        7115	 3.85151e+03	 2.63666e+09	 7.27780e+03	 4.46766e+07	 1.15860e+05	 3.27116e+08	 1.47694e-02
	    3480.000	        1301	        7154	 3.83908e+03	 2.63654e+09	 7.20240e+03	 4.49647e+07	 1.16645e+05	 3.31781e+08	 1.47191e-02
	    3520.000	        1307	        7191	 3.82647e+03	 2.63642e+09	 7.12665e+03	 4.52498e+07	 1.17340e+05	 3.36475e+08	 1.46682e-02
	    3560.000	        1313	        7230	 3.81373e+03	 2.63628e+09	 7.05259e+03	 4.55319e+07	 1.17967e+05	 3.41194e+08	 1.46165e-02
	    3600.000	        1319	        7267	 3.80083e+03	 2.63616e+09	 6.98033e+03	 4.58111e+07	 1.18578e+05	 3.45937e+08	 1.45641e-02

Row 2
	        TIME	        FWPT	        FGIR	        FGIT	        FWIR	        FWIT	        WBHP	        WBHP
	         DAY	         STB	    MSCF/DAY	        MSCF	     STB/DAY	         STB	        PSIA	        PSIA
	           -	           -	           -	           -	           -	           -	       INJE1	       PROD1
	       0.010	 1.75311e-05	 1.00000e+05	 1.00000e+03	 0.00000e+00	 0.00000e+00	 7.88132e+03	 3.39539e+03
	       0.110	 5.31360e-04	 1.00000e+05	 1.10000e+04	 0.00000e+00	 0.00000e+00	 7.43908e+03	 2.89904e+03
	       0.210	 1.14333e-03	 1.00000e+05	 2.10000e+04	 0.00000e+00	 0.00000e+00	 7.29596e+03	 2.75202e+03
	       0.329	 1.97752e-03	 9.99993e+04	 3.28813e+04	 0.00000e+00	 0.00000e+00	 7.15541e+03	 2.61690e+03
	       0.389	 2.42328e-03	 1.00000e+05	 3.88625e+04	 0.00000e+00	 0.00000e+00	 7.10282e+03	 2.55345e+03
	       0.508	 3.41531e-03	 1.00001e+05	 5.08249e+04	 0.00000e+00	 0.00000e+00	 7.04986e+03	 2.43262e+03
	       0.747	 5.68118e-03	 1.00000e+05	 7.47495e+04	 0.00000e+00	 0.00000e+00	 6.98368e+03	 2.27090e+03
	       1.000	 8.24561e-03	 1.00000e+05	 1.00000e+05	 0.00000e+00	 0.00000e+00	 6.91844e+03	 2.17943e+03
	       1.379	 1.23034e-02	 1.00000e+05	 1.37876e+05	 0.00000e+00	 0.00000e+00	 6.87899e+03	 2.10474e+03
	       1.947	 1.87628e-02	 1.00001e+05	 1.94690e+05	 0.00000e+00	 0.00000e+00	 6.86181e+03	 2.01925e+03
	       2.799	 2.92164e-02	 1.00000e+05	 2.79910e+05	 0.00000e+00	 0.00000e+00	 6.84320e+03	 1.90650e+03
	       4.000	 4.50157e-02	 1.00001e+05	 4.00002e+05	 0.00000e+00	 0.00000e+00	 6.83796e+03	 1.79688e+03
	       6.104	 7.49657e-02	 9.99999e+04	 6.10431e+05	 0.00000e+00	 0.00000e+00	 6.80961e+03	 1.66760e+03
	       8.965	 1.18898e-01	 1.00000e+05	 8.96529e+05	 0.00000e+00	 0.00000e+00	 6.78264e+03	 1.53745e+03
	      11.965	 1.67672e-01	 1.00000e+05	 1.19653e+06	 0.00000e+00	 0.00000e+00	 6.75587e+03	 1.43542e+03
	      13.000	 1.84776e-01	 9.99998e+04	 1.30000e+06	 0.00000e+00	 0.00000e+00	 6.74360e+03	 1.40517e+03
	      15.069	 2.20011e-01	 1.00000e+05	 1.50695e+06	 0.00000e+00	 0.00000e+00	 6.73007e+03	 1.35035e+03
	      18.069	 2.72903e-01	 1.00000e+05	 1.80695e+06	 0.00000e+00	 0.00000e+00	 6.71509e+03	 1.28436e+03
	      21.069	 3.27279e-01	 1.00000e+05	 2.10695e+06	 0.00000e+00	 0.00000e+00	 6.69830e+03	 1.23070e+03
	      24.069	 3.82886e-01	 1.00000e+05	 2.40695e+06	 0.00000e+00	 0.00000e+00	 6.68278e+03	 1.18639e+03
	      27.069	 4.39510e-01	 1.00000e+05	 2.70695e+06	 0.00000e+00	 0.00000e+00	 6.66708e+03	 1.14982e+03
	      30.069	 4.96951e-01	 1.00000e+05	 3.00695e+06	 0.00000e+00	 0.00000e+00	 6.65219e+03	 1.12035e+03
	      33.069	 5.55022e-01	 1.00000e+05	 3.30695e+06	 0.00000e+00	 0.00000e+00	 6.63762e+03	 1.09730e+03
	      36.069	 6.13577e-01	 1.00000e+05	 3.60695e+06	 0.00000e+00	 0.00000e+00	 6.62430e+03	 1.07928e+03
	      39.069	 6.72485e-01	 1.00000e+05	 3.90695e+06	 0.00000e+00	 0.00000e+00	 6.61125e+03	 1.06569e+03
	      42.000	 7.30244e-01	 1.00000e+05	 4.20000e+06	 0.00000e+00	 0.00000e+00	 6.59931e+03	 1.05665e+03
	      45.000	 7.89473e-01	 1.00000e+05	 4.50000e+06	 0.00000e+00	 0.00000e+00	 6.58802e+03	 1.05147e+03
	      48.000	 8.48694e-01	 1.00000e+05	 4.80000e+06	 0.00000e+00	 0.00000e+00	 6.57622e+03	 1.04996e+03
	      50.000	 8.88142e-01	 1.00000e+05	 5.00000e+06	 0.00000e+00	 0.00000e+00	 6.56805e+03	 1.05038e+03
	      53.000	 9.47157e-01	 1.00000e+05	 5.30000e+06	 0.00000e+00	 0.00000e+00	 6.55821e+03	 1.05394e+03
	      56.000	 1.00594e+00	 1.00000e+05	 5.60000e+06	 0.00000e+00	 0.00000e+00	 6.54831e+03	 1.05998e+03
	      59.000	 1.06443e+00	 1.00000e+05	 5.90000e+06	 0.00000e+00	 0.00000e+00	 6.53837e+03	 1.06820e+03
	      62.000	 1.12258e+00	 1.00000e+05	 6.20000e+06	 0.00000e+00	 0.00000e+00	 6.52933e+03	 1.07834e+03
	      65.000	 1.18033e+00	 1.00000e+05	 6.50000e+06	 0.00000e+00	 0.00000e+00	 6.52047e+03	 1.09008e+03
	      68.000	 1.23764e+00	 1.00000e+05	 6.80000e+06	 0.00000e+00	 0.00000e+00	 6.51251e+03	 1.10369e+03
	      71.000	 1.29446e+00	 1.00000e+05	 7.10000e+06	 0.00000e+00	 0.00000e+00	 6.50518e+03	 1.11909e+03
	      74.000	 1.35075e+00	 1.00000e+05	 7.40000e+06	 0.00000e+00	 0.00000e+00	 6.49786e+03	 1.13592e+03
	      77.000	 1.40649e+00	 1.00000e+05	 7.70000e+06	 0.00000e+00	 0.00000e+00	 6.49045e+03	 1.15388e+03
	      80.000	 1.46164e+00	 1.00000e+05	 8.00000e+06	 0.00000e+00	 0.00000e+00	 6.48371e+03	 1.17285e+03
	      83.000	 1.51619e+00	 1.00000e+05	 8.30000e+06	 0.00000e+00	 0.00000e+00	 6.47751e+03	 1.19269e+03
	      86.000	 1.57013e+00	 1.00000e+05	 8.60000e+06	 0.00000e+00	 0.00000e+00	 6.47121e+03	 1.21326e+03
	      89.000	 1.62345e+00	 1.00000e+05	 8.90000e+06	 0.00000e+00	 0.00000e+00	 6.46499e+03	 1.23425e+03
	      92.000	 1.67616e+00	 1.00000e+05	 9.20000e+06	 0.00000e+00	 0.00000e+00	 6.45935e+03	 1.25522e+03
	      95.000	 1.72828e+00	 1.00000e+05	 9.50000e+06	 0.00000e+00	 0.00000e+00	 6.45431e+03	 1.27581e+03
	      98.000	 1.77984e+00	 1.00000e+05	 9.80000e+06	 0.00000e+00	 0.00000e+00	 6.44942e+03	 1.29579e+03
	     101.000	 1.83087e+00	 1.00000e+05	 1.01000e+07	 0.00000e+00	 0.00000e+00	 6.44516e+03	 1.31494e+03
	     104.000	 1.88138e+00	 1.00000e+05	 1.04000e+07	 0.00000e+00	 0.00000e+00	 6.44134e+03	 1.33355e+03
	     107.000	 1.93140e+00	 1.00000e+05	 1.07000e+07	 0.00000e+00	 0.00000e+00	 6.43784e+03	 1.35181e+03
	     110.000	 1.98094e+00	 1.00000e+05	 1.10000e+07	 0.00000e+00	 0.00000e+00	 6.43484e+03	 1.36947e+03
	     113.000	 2.03003e+00	 1.00000e+05	 1.13000e+07	 0.00000e+00	 0.00000e+00	 6.43189e+03	 1.38619e+03
	     116.000	 2.07871e+00	 1.00000e+05	 1.16000e+07	 0.00000e+00	 0.00000e+00	 6.42930e+03	 1.40213e+03
	     119.000	 2.12698e+00	 1.00000e+05	 1.19000e+07	 0.00000e+00	 0.00000e+00	 6.42717e+03	 1.41751e+03
	     122.000	 2.17485e+00	 1.00000e+05	 1.22000e+07	 0.00000e+00	 0.00000e+00	 6.42531e+03	 1.43278e+03
	     125.000	 2.22231e+00	 1.00000e+05	 1.25000e+07	 0.00000e+00	 0.00000e+00	 6.42355e+03	 1.44814e+03
	     128.000	 2.26939e+00	 1.00000e+05	 1.28000e+07	 0.00000e+00	 0.00000e+00	 6.42208e+03	 1.46317e+03
	     131.000	 2.31608e+00	 1.00000e+05	 1.31000e+07	 0.00000e+00	 0.00000e+00	 6.42085e+03	 1.47804e+03
	     134.000	 2.36238e+00	 1.00000e+05	 1.34000e+07	 0.00000e+00	 0.00000e+00	 6.42003e+03	 1.49309e+03
	     137.000	 2.40828e+00	 1.00000e+05	 1.37000e+07	 0.00000e+00	 0.00000e+00	 6.41944e+03	 1.50816e+03
	     140.000	 2.45380e+00	 1.00000e+05	 1.40000e+07	 0.00000e+00	 0.00000e+00	 6.41913e+03	 1.52309e+03
	     143.000	 2.49893e+00	 1.00000e+05	 1.43000e+07	 0.00000e+00	 0.00000e+00	 6.41900e+03	 1.53812e+03
	     146.000	 2.54367e+00	 1.00000e+05	 1.46000e+07	 0.00000e+00	 0.00000e+00	 6.41901e+03	 1.55315e+03
	     149.000	 2.58801e+00	 1.00000e+05	 1.49000e+07	 0.00000e+00	 0.00000e+00	 6.41933e+03	 1.56829e+03
	     152.000	 2.63197e+00	 1.00000e+05	 1.52000e+07	 0.00000e+00	 0.00000e+00	 6.41981e+03	 1.58344e+03
	     155.000	 2.67553e+00	 1.00000e+05	 1.55000e+07	 0.00000e+00	 0.00000e+00	 6.42073e+03	 1.59895e+03
	     158.000	 2.71869e+00	 1.00000e+05	 1.58000e+07	 0.00000e+00	 0.00000e+00	 6.42158e+03	 1.61450e+03
	     161.000	 2.76145e+00	 1.00000e+05	 1.61000e+07	 0.00000e+00	 0.00000e+00	 6.42277e+03	 1.63006e+03
	     164.000	 2.80381e+00	 1.00000e+05	 1.64000e+07	 0.00000e+00	 0.00000e+00	 6.42403e+03	 1.64558e+03
	     167.000	 2.84577e+00	 1.00000e+05	 1.67000e+07	 0.00000e+00	 0.00000e+00	 6.42553e+03	 1.66101e+03
	     170.000	 2.88734e+00	 1.00000e+05	 1.70000e+07	 0.00000e+00	 0.00000e+00	 6.42719e+03	 1.67677e+03
	     173.000	 2.92851e+00	 1.00000e+05	 1.73000e+07	 0.00000e+00	 0.00000e+00	 6.42906e+03	 1.69222e+03
	     176.000	 2.96931e+00	 1.00000e+05	 1.76000e+07	 0.00000e+00	 0.00000e+00	 6.43103e+03	 1.70716e+03
	     179.000	 3.00973e+00	 1.00000e+05	 1.79000e+07	 0.00000e+00	 0.00000e+00	 6.43317e+03	 1.72244e+03
	     180.000	 3.02316e+00	 9.99999e+04	 1.80000e+07	 0.00000e+00	 0.00000e+00	 6.43380e+03	 1.72758e+03
	     182.000	 3.04984e+00	 1.00000e+05	 1.82000e+07	 0.00000e+00	 0.00000e+00	 6.43529e+03	 1.73772e+03
	     185.000	 3.08950e+00	 1.00000e+05	 1.85000e+07	 0.00000e+00	 0.00000e+00	 6.43770e+03	 1.75286e+03
	     188.000	 3.12877e+00	 1.00000e+05	 1.88000e+07	 0.00000e+00	 0.00000e+00	 6.44031e+03	 1.76815e+03
	     191.000	 3.16765e+00	 1.00000e+05	 1.91000e+07	 0.00000e+00	 0.00000e+00	 6.44296e+03	 1.78366e+03
	     194.000	 3.20616e+00	 1.00000e+05	 1.94000e+07	 0.00000e+00	 0.00000e+00	 6.44588e+03	 1.79904e+03
	     197.000	 3.24428e+00	 1.00000e+05	 1.97000e+07	 0.00000e+00	 0.00000e+00	 6.44880e+03	 1.81432e+03
	     200.000	 3.28203e+00	 1.00000e+05	 2.00000e+07	 0.00000e+00	 0.00000e+00	 6.45188e+03	 1.82940e+03
	     203.000	 3.31941e+00	 1.00000e+05	 2.03000e+07	 0.00000e+00	 0.00000e+00	 6.45503e+03	 1.84473e+03
	     206.000	 3.35643e+00	 1.00000e+05	 2.06000e+07	 0.00000e+00	 0.00000e+00	 6.45832e+03	 1.85977e+03
	     209.000	 3.39307e+00	 1.00000e+05	 2.09000e+07	 0.00000e+00	 0.00000e+00	 6.46159e+03	 1.87485e+03
	     212.000	 3.42935e+00	 1.00000e+05	 2.12000e+07	 0.00000e+00	 0.00000e+00	 6.46504e+03	 1.89003e+03
	     215.000	 3.46525e+00	 1.00000e+05	 2.15000e+07	 0.00000e+00	 0.00000e+00	 6.46861e+03	 1.90537e+03
	     218.000	 3.50078e+00	 1.00000e+05	 2.18000e+07	 0.00000e+00	 0.00000e+00	 6.47221e+03	 1.92088e+03
	     221.000	 3.53596e+00	 1.00000e+05	 2.21000e+07	 0.00000e+00	 0.00000e+00	 6.47601e+03	 1.93583e+03
	     224.000	 3.57076e+00	 1.00000e+05	 2.24000e+07	 0.00000e+00	 0.00000e+00	 6.47983e+03	 1.95116e+03
	     227.000	 3.60520e+00	 1.00000e+05	 2.27000e+07	 0.00000e+00	 0.00000e+00	 6.48370e+03	 1.96645e+03
	     230.000	 3.63928e+00	 1.00000e+05	 2.30000e+07	 0.00000e+00	 0.00000e+00	 6.48760e+03	 1.98164e+03
	     233.000	 3.67299e+00	 1.00000e+05	 2.33000e+07	 0.00000e+00	 0.00000e+00	 6.49161e+03	 1.99709e+03
	     236.000	 3.70634e+00	 1.00000e+05	 2.36000e+07	 0.00000e+00	 0.00000e+00	 6.49563e+03	 2.01244e+03
	     239.000	 3.73933e+00	 1.00000e+05	 2.39000e+07	 0.00000e+00	 0.00000e+00	 6.49978e+03	 2.02774e+03
	     242.000	 3.77197e+00	 1.00000e+05	 2.42000e+07	 0.00000e+00	 0.00000e+00	 6.50393e+03	 2.04295e+03
	     245.000	 3.80424e+00	 1.00000e+05	 2.45000e+07	 0.00000e+00	 0.00000e+00	 6.50816e+03	 2.05861e+03
	     248.000	 3.83614e+00	 1.00000e+05	 2.48000e+07	 0.00000e+00	 0.00000e+00	 6.51258e+03	 2.07418e+03
	     251.000	 3.86769e+00	 1.00000e+05	 2.51000e+07	 0.00000e+00	 0.00000e+00	 6.51696e+03	 2.08972e+03
	     254.000	 3.89888e+00	 1.00000e+05	 2.54000e+07	 0.00000e+00	 0.00000e+00	 6.52131e+03	 2.10540e+03
	     257.000	 3.92970e+00	 1.00000e+05	 2.57000e+07	 0.00000e+00	 0.00000e+00	 6.52584e+03	 2.12128e+03
	     260.000	 3.96015e+00	 1.00000e+05	 2.60000e+07	 0.00000e+00	 0.00000e+00	 6.53037e+03	 2.13747e+03
	     263.000	 3.99023e+00	 1.00000e+05	 2.63000e+07	 0.00000e+00	 0.00000e+00	 6.53493e+03	 2.15339e+03
	     266.000	 4.01996e+00	 1.00000e+05	 2.66000e+07	 0.00000e+00	 0.00000e+00	 6.53954e+03	 2.16933e+03
	     269.000	 4.04932e+00	 1.00000e+05	 2.69000e+07	 0.00000e+00	 0.00000e+00	 6.54421e+03	 2.18544e+03
	     272.000	 4.07831e+00	 1.00000e+05	 2.72000e+07	 0.00000e+00	 0.00000e+00	 6.54894e+03	 2.20171e+03
	     275.000	 4.10694e+00	 1.00000e+05	 2.75000e+07	 0.00000e+00	 0.00000e+00	 6.55364e+03	 2.21810e+03
	     278.000	 4.13519e+00	 1.00000e+05	 2.78000e+07	 0.00000e+00	 0.00000e+00	 6.55846e+03	 2.23463e+03
	     281.000	 4.16307e+00	 1.00000e+05	 2.81000e+07	 0.00000e+00	 0.00000e+00	 6.56329e+03	 2.25147e+03
	     284.000	 4.19058e+00	 1.00000e+05	 2.84000e+07	 0.00000e+00	 0.00000e+00	 6.56818e+03	 2.26821e+03
	     287.000	 4.21772e+00	 1.00000e+05	 2.87000e+07	 0.00000e+00	 0.00000e+00	 6.57312e+03	 2.28524e+03
	     290.000	 4.24447e+00	 1.00000e+05	 2.90000e+07	 0.00000e+00	 0.00000e+00	 6.57800e+03	 2.30262e+03
	     293.000	 4.27084e+00	 1.00000e+05	 2.93000e+07	 0.00000e+00	 0.00000e+00	 6.58296e+03	 2.31997e+03
	     296.000	 4.29682e+00	 1.00000e+05	 2.96000e+07	 0.00000e+00	 0.00000e+00	 6.58798e+03	 2.33802e+03
	     299.000	 4.32239e+00	 1.00000e+05	 2.99000e+07	 0.00000e+00	 0.00000e+00	 6.59296e+03	 2.35658e+03
	     302.000	 4.34755e+00	 1.00000e+05	 3.02000e+07	 0.00000e+00	 0.00000e+00	 6.59799e+03	 2.37581e+03
	     305.000	 4.37225e+00	 1.00000e+05	 3.05000e+07	 0.00000e+00	 0.00000e+00	 6.60308e+03	 2.39664e+03
	     308.000	 4.39649e+00	 1.00000e+05	 3.08000e+07	 0.00000e+00	 0.00000e+00	 6.60819e+03	 2.41847e+03
	     310.000	 4.41243e+00	 1.00000e+05	 3.10000e+07	 0.00000e+00	 0.00000e+00	 6.61155e+03	 2.43424e+03
	     313.000	 4.43577e+00	 1.00000e+05	 3.13000e+07	 0.00000e+00	 0.00000e+00	 6.61668e+03	 2.46087e+03
	     315.000	 4.45104e+00	 1.00000e+05	 3.15000e+07	 0.00000e+00	 0.00000e+00	 6.62007e+03	 2.48115e+03
	     317.000	 4.46599e+00	 1.00000e+05	 3.17000e+07	 0.00000e+00	 0.00000e+00	 6.62353e+03	 2.50421e+03
	     319.000	 4.48066e+00	 1.00000e+05	 3.19000e+07	 0.00000e+00	 0.00000e+00	 6.62698e+03	 2.52389e+03
	     321.000	 4.49557e+00	 1.00000e+05	 3.21000e+07	 0.00000e+00	 0.00000e+00	 6.63043e+03	 2.50403e+03
	     323.000	 4.51114e+00	 1.00000e+05	 3.23000e+07	 0.00000e+00	 0.00000e+00	 6.63387e+03	 2.45402e+03
	     325.000	 4.52747e+00	 1.00000e+05	 3.25000e+07	 0.00000e+00	 0.00000e+00	 6.63734e+03	 2.39778e+03
	     327.000	 4.54464e+00	 1.00000e+05	 3.27000e+07	 0.00000e+00	 0.00000e+00	 6.64082e+03	 2.33594e+03
	     329.000	 4.56258e+00	 1.00000e+05	 3.29000e+07	 0.00000e+00	 0.00000e+00	 6.64430e+03	 2.28165e+03
	     331.000	 4.58116e+00	 1.00000e+05	 3.31000e+07	 0.00000e+00	 0.00000e+00	 6.64774e+03	 2.23677e+03
	     333.000	 4.60031e+00	 1.00000e+05	 3.33000e+07	 0.00000e+00	 0.00000e+00	 6.65116e+03	 2.19726e+03
	     335.000	 4.62002e+00	 1.00000e+05	 3.35000e+07	 0.00000e+00	 0.00000e+00	 6.65452e+03	 2.15951e+03
	     337.000	 4.64033e+00	 1.00000e+05	 3.37000e+07	 0.00000e+00	 0.00000e+00	 6.65782e+03	 2.11919e+03
	     339.000	 4.66132e+00	 1.00000e+05	 3.39000e+07	 0.00000e+00	 0.00000e+00	 6.66109e+03	 2.07517e+03
	     341.000	 4.68304e+00	 1.00000e+05	 3.41000e+07	 0.00000e+00	 0.00000e+00	 6.66427e+03	 2.02860e+03
	     343.000	 4.70549e+00	 1.00000e+05	 3.43000e+07	 0.00000e+00	 0.00000e+00	 6.66731e+03	 1.98240e+03
	     345.000	 4.72865e+00	 1.00000e+05	 3.45000e+07	 0.00000e+00	 0.00000e+00	 6.67024e+03	 1.93842e+03
	     347.000	 4.75247e+00	 1.00000e+05	 3.47000e+07	 0.00000e+00	 0.00000e+00	 6.67303e+03	 1.89909e+03
	     349.000	 4.77687e+00	 1.00000e+05	 3.49000e+07	 0.00000e+00	 0.00000e+00	 6.67573e+03	 1.86409e+03
	     351.000	 4.80179e+00	 1.00000e+05	 3.51000e+07	 0.00000e+00	 0.00000e+00	 6.67833e+03	 1.83303e+03
	     353.000	 4.82718e+00	 1.00000e+05	 3.53000e+07	 0.00000e+00	 0.00000e+00	 6.68079e+03	 1.80540e+03
	     355.000	 4.85298e+00	 1.00000e+05	 3.55000e+07	 0.00000e+00	 0.00000e+00	 6.68311e+03	 1.78086e+03
	     357.000	 4.87914e+00	 1.00000e+05	 3.57000e+07	 0.00000e+00	 0.00000e+00	 6.68533e+03	 1.75952e+03
	     359.000	 4.90563e+00	 1.00000e+05	 3.59000e+07	 0.00000e+00	 0.00000e+00	 6.68741e+03	 1.74003e+03
	     360.000	 4.91896e+00	 1.00000e+05	 3.60000e+07	 0.00000e+00	 0.00000e+00	 6.68840e+03	 1.73068e+03
	     362.000	 4.94591e+00	 1.00000e+05	 3.62000e+07	 0.00000e+00	 0.00000e+00	 6.69029e+03	 1.71317e+03
	     363.200	 4.96217e+00	 1.00000e+05	 3.63200e+07	 0.00000e+00	 0.00000e+00	 6.69135e+03	 1.70340e+03
	     365.600	 4.99508e+00	 1.00000e+05	 3.65600e+07	 0.00000e+00	 0.00000e+00	 6.69335e+03	 1.68505e+03
	     370.400	 5.06235e+00	 1.00000e+05	 3.70400e+07	 0.00000e+00	 0.00000e+00	 6.69665e+03	 1.64962e+03
	     371.900	 5.08351e+00	 1.00000e+05	 3.71900e+07	 0.00000e+00	 0.00000e+00	 6.69754e+03	 1.63873e+03
	     374.900	 5.12637e+00	 1.00000e+05	 3.74900e+07	 0.00000e+00	 0.00000e+00	 6.69925e+03	 1.61838e+03
	     379.900	 5.19916e+00	 1.00000e+05	 3.79900e+07	 0.00000e+00	 0.00000e+00	 6.70154e+03	 1.58680e+03
	     384.900	 5.27326e+00	 1.00000e+05	 3.84900e+07	 0.00000e+00	 0.00000e+00	 6.70322e+03	 1.55689e+03
	     389.900	 5.34861e+00	 1.00000e+05	 3.89900e+07	 0.00000e+00	 0.00000e+00	 6.70439e+03	 1.52839e+03
	     394.900	 5.42510e+00	 1.00000e+05	 3.94900e+07	 0.00000e+00	 0.00000e+00	 6.70513e+03	 1.50253e+03
	     399.900	 5.50264e+00	 1.00000e+05	 3.99900e+07	 0.00000e+00	 0.00000e+00	 6.70542e+03	 1.47898e+03
	     404.900	 5.58114e+00	 1.00000e+05	 4.04900e+07	 0.00000e+00	 0.00000e+00	 6.70533e+03	 1.45724e+03
	     409.900	 5.66055e+00	 1.00000e+05	 4.09900e+07	 0.00000e+00	 0.00000e+00	 6.70494e+03	 1.43656e+03
	     414.900	 5.74085e+00	 1.00000e+05	 4.14900e+07	 0.00000e+00	 0.00000e+00	 6.70423e+03	 1.41644e+03
	     419.900	 5.82202e+00	 1.00000e+05	 4.19900e+07	 0.00000e+00	 0.00000e+00	 6.70322e+03	 1.39682e+03
	     424.900	 5.90403e+00	 1.00000e+05	 4.24900e+07	 0.00000e+00	 0.00000e+00	 6.70196e+03	 1.37781e+03
	     429.900	 5.98687e+00	 1.00000e+05	 4.29900e+07	 0.00000e+00	 0.00000e+00	 6.70037e+03	 1.35940e+03
	     434.900	 6.07050e+00	 1.00000e+05	 4.34900e+07	 0.00000e+00	 0.00000e+00	 6.69851e+03	 1.34184e+03
	     439.900	 6.15502e+00	 1.00000e+05	 4.39900e+07	 0.00000e+00	 0.00000e+00	 6.69647e+03	 1.32242e+03
	     444.900	 6.24029e+00	 1.00000e+05	 4.44900e+07	 0.00000e+00	 0.00000e+00	 6.69422e+03	 1.30561e+03
	     449.900	 6.32627e+00	 1.00000e+05	 4.49900e+07	 0.00000e+00	 0.00000e+00	 6.69176e+03	 1.28994e+03
	     454.900	 6.41293e+00	 1.00000e+05	 4.54900e+07	 0.00000e+00	 0.00000e+00	 6.68909e+03	 1.27455e+03
	     459.900	 6.50023e+00	 1.00000e+05	 4.59900e+07	 0.00000e+00	 0.00000e+00	 6.68626e+03	 1.26049e+03
	     464.900	 6.58814e+00	 1.00000e+05	 4.64900e+07	 0.00000e+00	 0.00000e+00	 6.68326e+03	 1.24665e+03
	     469.900	 6.67671e+00	 1.00000e+05	 4.69900e+07	 0.00000e+00	 0.00000e+00	 6.68008e+03	 1.23209e+03
	     474.900	 6.76594e+00	 1.00000e+05	 4.74900e+07	 0.00000e+00	 0.00000e+00	 6.67673e+03	 1.21764e+03
	     479.900	 6.85584e+00	 1.00000e+05	 4.79900e+07	 0.00000e+00	 0.00000e+00	 6.67322e+03	 1.20287e+03
	     484.900	 6.94638e+00	 1.00000e+05	 4.84900e+07	 0.00000e+00	 0.00000e+00	 6.66956e+03	 1.18891e+03
	     486.400	 6.97360e+00	 1.00000e+05	 4.86400e+07	 0.00000e+00	 0.00000e+00	 6.66848e+03	 1.18502e+03
	     489.400	 7.02824e+00	 1.00000e+05	 4.89400e+07	 0.00000e+00	 0.00000e+00	 6.66618e+03	 1.17699e+03
	     494.400	 7.11991e+00	 1.00000e+05	 4.94400e+07	 0.00000e+00	 0.00000e+00	 6.66222e+03	 1.16407e+03
	     499.400	 7.21218e+00	 1.00000e+05	 4.99400e+07	 0.00000e+00	 0.00000e+00	 6.65815e+03	 1.15070e+03
	     504.400	 7.30509e+00	 1.00000e+05	 5.04400e+07	 0.00000e+00	 0.00000e+00	 6.65396e+03	 1.13705e+03
	     509.400	 7.39859e+00	 1.00000e+05	 5.09400e+07	 0.00000e+00	 0.00000e+00	 6.64967e+03	 1.12412e+03
	     514.400	 7.49268e+00	 1.00000e+05	 5.14400e+07	 0.00000e+00	 0.00000e+00	 6.64526e+03	 1.11137e+03
	     519.400	 7.58740e+00	 1.00000e+05	 5.19400e+07	 0.00000e+00	 0.00000e+00	 6.64074e+03	 1.09781e+03
	     524.400	 7.68275e+00	 1.00000e+05	 5.24400e+07	 0.00000e+00	 0.00000e+00	 6.63609e+03	 1.08441e+03
	     529.400	 7.77868e+00	 1.00000e+05	 5.29400e+07	 0.00000e+00	 0.00000e+00	 6.63133e+03	 1.07208e+03
	     534.400	 7.87506e+00	 1.00000e+05	 5.34400e+07	 0.00000e+00	 0.00000e+00	 6.62647e+03	 1.06191e+03
	     539.400	 7.97196e+00	 1.00000e+05	 5.39400e+07	 0.00000e+00	 0.00000e+00	 6.62150e+03	 1.05053e+03
	     544.400	 8.06945e+00	 1.00000e+05	 5.44400e+07	 0.00000e+00	 0.00000e+00	 6.61643e+03	 1.03800e+03
	     549.400	 8.16752e+00	 1.00000e+05	 5.49400e+07	 0.00000e+00	 0.00000e+00	 6.61128e+03	 1.02556e+03
	     554.400	 8.26618e+00	 1.00000e+05	 5.54400e+07	 0.00000e+00	 0.00000e+00	 6.60602e+03	 1.01318e+03
	     559.400	 8.36538e+00	 1.00000e+05	 5.59400e+07	 0.00000e+00	 0.00000e+00	 6.60066e+03	 1.00158e+03
	     564.400	 8.46459e+00	 1.00000e+05	 5.64400e+07	 0.00000e+00	 0.00000e+00	 6.59521e+03	 1.00000e+03
	     569.400	 8.56371e+00	 1.00000e+05	 5.69400e+07	 0.00000e+00	 0.00000e+00	 6.58967e+03	 1.00000e+03
	     574.400	 8.66274e+00	 1.00000e+05	 5.74400e+07	 0.00000e+00	 0.00000e+00	 6.58408e+03	 1.00000e+03
	     579.400	 8.76168e+00	 1.00000e+05	 5.79400e+07	 0.00000e+00	 0.00000e+00	 6.57845e+03	 1.00000e+03
	     584.400	 8.86053e+00	 1.00000e+05	 5.84400e+07	 0.00000e+00	 0.00000e+00	 6.57278e+03	 1.00000e+03
	     585.900	 8.89018e+00	 1.00000e+05	 5.85900e+07	 0.00000e+00	 0.00000e+00	 6.57115e+03	 1.00000e+03
	     588.150	 8.93463e+00	 1.00000e+05	 5.88150e+07	 0.00000e+00	 0.00000e+00	 6.56857e+03	 1.00000e+03
	     592.650	 9.02347e+00	 1.00000e+05	 5.92650e+07	 0.00000e+00	 0.00000e+00	 6.56336e+03	 1.00000e+03
	     597.650	 9.12208e+00	 1.00000e+05	 5.97650e+07	 0.00000e+00	 0.00000e+00	 6.55760e+03	 1.00000e+03
	     602.650	 9.22061e+00	 1.00000e+05	 6.02650e+07	 0.00000e+00	 0.00000e+00	 6.55182e+03	 1.00000e+03
	     604.150	 9.25016e+00	 1.00000e+05	 6.04150e+07	 0.00000e+00	 0.00000e+00	 6.55015e+03	 1.00000e+03
	     607.150	 9.30923e+00	 1.00000e+05	 6.07150e+07	 0.00000e+00	 0.00000e+00	 6.54661e+03	 1.00000e+03
	     612.150	 9.40759e+00	 1.00000e+05	 6.12150e+07	 0.00000e+00	 0.00000e+00	 6.54072e+03	 1.00000e+03
	     613.650	 9.43709e+00	 1.00000e+05	 6.13650e+07	 0.00000e+00	 0.00000e+00	 6.53903e+03	 1.00000e+03
	     616.650	 9.49605e+00	 1.00000e+05	 6.16650e+07	 0.00000e+00	 0.00000e+00	 6.53547e+03	 1.00000e+03
	     618.000	 9.52258e+00	 1.00000e+05	 6.18000e+07	 0.00000e+00	 0.00000e+00	 6.53392e+03	 1.00000e+03
	     620.700	 9.57561e+00	 1.00000e+05	 6.20700e+07	 0.00000e+00	 0.00000e+00	 6.53071e+03	 1.00000e+03
	     625.700	 9.67372e+00	 1.00000e+05	 6.25700e+07	 0.00000e+00	 0.00000e+00	 6.52476e+03	 1.00000e+03
	     630.700	 9.77174e+00	 1.00000e+05	 6.30700e+07	 0.00000e+00	 0.00000e+00	 6.51882e+03	 1.00000e+03
	     635.700	 9.86969e+00	 1.00000e+05	 6.35700e+07	 0.00000e+00	 0.00000e+00	 6.51281e+03	 1.00000e+03
	     640.700	 9.96757e+00	 1.00000e+05	 6.40700e+07	 0.00000e+00	 0.00000e+00	 6.50676e+03	 1.00000e+03
	     645.700	 1.00654e+01	 1.00000e+05	 6.45700e+07	 0.00000e+00	 0.00000e+00	 6.50066e+03	 1.00000e+03
	     650.700	 1.01632e+01	 1.00000e+05	 6.50700e+07	 0.00000e+00	 0.00000e+00	 6.49448e+03	 1.00000e+03
	     655.700	 1.02609e+01	 1.00000e+05	 6.55700e+07	 0.00000e+00	 0.00000e+00	 6.48818e+03	 1.00000e+03
	     660.700	 1.03585e+01	 1.00000e+05	 6.60700e+07	 0.00000e+00	 0.00000e+00	 6.48179e+03	 1.00000e+03
	     665.700	 1.04561e+01	 1.00000e+05	 6.65700e+07	 0.00000e+00	 0.00000e+00	 6.47530e+03	 1.00000e+03
	     670.700	 1.05536e+01	 1.00000e+05	 6.70700e+07	 0.00000e+00	 0.00000e+00	 6.46877e+03	 1.00000e+03
	     675.700	 1.06511e+01	 1.00000e+05	 6.75700e+07	 0.00000e+00	 0.00000e+00	 6.46217e+03	 1.00000e+03
	     680.700	 1.07485e+01	 1.00000e+05	 6.80700e+07	 0.00000e+00	 0.00000e+00	 6.45548e+03	 1.00000e+03
	     685.700	 1.08458e+01	 1.00000e+05	 6.85700e+07	 0.00000e+00	 0.00000e+00	 6.44877e+03	 1.00000e+03
	     690.700	 1.09430e+01	 1.00000e+05	 6.90700e+07	 0.00000e+00	 0.00000e+00	 6.44204e+03	 1.00000e+03
	     695.700	 1.10402e+01	 1.00000e+05	 6.95700e+07	 0.00000e+00	 0.00000e+00	 6.43527e+03	 1.00000e+03
	     700.700	 1.11374e+01	 1.00000e+05	 7.00700e+07	 0.00000e+00	 0.00000e+00	 6.42849e+03	 1.00000e+03
	     705.700	 1.12344e+01	 1.00000e+05	 7.05700e+07	 0.00000e+00	 0.00000e+00	 6.42166e+03	 1.00000e+03
	     710.700	 1.13314e+01	 1.00000e+05	 7.10700e+07	 0.00000e+00	 0.00000e+00	 6.41482e+03	 1.00000e+03
	     715.700	 1.14284e+01	 1.00000e+05	 7.15700e+07	 0.00000e+00	 0.00000e+00	 6.40797e+03	 1.00000e+03
	     720.000	 1.15117e+01	 1.00000e+05	 7.20000e+07	 0.00000e+00	 0.00000e+00	 6.40207e+03	 1.00000e+03
	     725.000	 1.16085e+01	 1.00000e+05	 7.25000e+07	 0.00000e+00	 0.00000e+00	 6.39516e+03	 1.00000e+03
	     735.000	 1.18019e+01	 1.00000e+05	 7.35000e+07	 0.00000e+00	 0.00000e+00	 6.38123e+03	 1.00000e+03
	     745.000	 1.19951e+01	 1.00000e+05	 7.45000e+07	 0.00000e+00	 0.00000e+00	 6.36739e+03	 1.00000e+03
	     755.000	 1.21880e+01	 1.00000e+05	 7.55000e+07	 0.00000e+00	 0.00000e+00	 6.35353e+03	 1.00000e+03
	     765.000	 1.23807e+01	 1.00000e+05	 7.65000e+07	 0.00000e+00	 0.00000e+00	 6.33966e+03	 1.00000e+03
	     775.000	 1.25731e+01	 1.00000e+05	 7.75000e+07	 0.00000e+00	 0.00000e+00	 6.32582e+03	 1.00000e+03
	     785.000	 1.27653e+01	 1.00000e+05	 7.85000e+07	 0.00000e+00	 0.00000e+00	 6.31196e+03	 1.00000e+03
	     795.000	 1.29573e+01	 1.00000e+05	 7.95000e+07	 0.00000e+00	 0.00000e+00	 6.29810e+03	 1.00000e+03
	     805.000	 1.31490e+01	 1.00000e+05	 8.05000e+07	 0.00000e+00	 0.00000e+00	 6.28426e+03	 1.00000e+03
	     815.000	 1.33405e+01	 1.00000e+05	 8.15000e+07	 0.00000e+00	 0.00000e+00	 6.27043e+03	 1.00000e+03
	     825.000	 1.35317e+01	 1.00000e+05	 8.25000e+07	 0.00000e+00	 0.00000e+00	 6.25664e+03	 1.00000e+03
	     835.000	 1.37228e+01	 1.00000e+05	 8.35000e+07	 0.00000e+00	 0.00000e+00	 6.24286e+03	 1.00000e+03
	     845.000	 1.39136e+01	 1.00000e+05	 8.45000e+07	 0.00000e+00	 0.00000e+00	 6.22910e+03	 1.00000e+03
	     855.000	 1.41042e+01	 1.00000e+05	 8.55000e+07	 0.00000e+00	 0.00000e+00	 6.21536e+03	 1.00000e+03
	     865.000	 1.42946e+01	 1.00000e+05	 8.65000e+07	 0.00000e+00	 0.00000e+00	 6.20163e+03	 1.00000e+03
	     875.000	 1.44848e+01	 1.00000e+05	 8.75000e+07	 0.00000e+00	 0.00000e+00	 6.18794e+03	 1.00000e+03
	     885.000	 1.46747e+01	 1.00000e+05	 8.85000e+07	 0.00000e+00	 0.00000e+00	 6.17430e+03	 1.00000e+03
	     885.900	 1.46918e+01	 1.00000e+05	 8.85900e+07	 0.00000e+00	 0.00000e+00	 6.17329e+03	 1.00000e+03
	     887.700	 1.47260e+01	 1.00000e+05	 8.87700e+07	 0.00000e+00	 0.00000e+00	 6.17081e+03	 1.00000e+03
	     891.300	 1.47943e+01	 1.00000e+05	 8.91300e+07	 0.00000e+00	 0.00000e+00	 6.16587e+03	 1.00000e+03
	     898.500	 1.49309e+01	 1.00000e+05	 8.98500e+07	 0.00000e+00	 0.00000e+00	 6.15601e+03	 1.00000e+03
	     908.500	 1.51203e+01	 1.00000e+05	 9.08500e+07	 0.00000e+00	 0.00000e+00	 6.14241e+03	 1.00000e+03
	     918.500	 1.53096e+01	 1.00000e+05	 9.18500e+07	 0.00000e+00	 0.00000e+00	 6.12893e+03	 1.00000e+03
	     928.500	 1.54986e+01	 1.00000e+05	 9.28500e+07	 0.00000e+00	 0.00000e+00	 6.11549e+03	 1.00000e+03
	     938.500	 1.56874e+01	 1.00000e+05	 9.38500e+07	 0.00000e+00	 0.00000e+00	 6.10210e+03	 1.00000e+03
	     948.500	 1.58760e+01	 1.00000e+05	 9.48500e+07	 0.00000e+00	 0.00000e+00	 6.08877e+03	 1.00000e+03
	     958.500	 1.60644e+01	 1.00000e+05	 9.58500e+07	 0.00000e+00	 0.00000e+00	 6.07550e+03	 1.00000e+03
	     968.500	 1.62526e+01	 1.00000e+05	 9.68500e+07	 0.00000e+00	 0.00000e+00	 6.06228e+03	 1.00000e+03
	     978.500	 1.64405e+01	 1.00000e+05	 9.78500e+07	 0.00000e+00	 0.00000e+00	 6.04913e+03	 1.00000e+03
	     988.500	 1.66283e+01	 1.00000e+05	 9.88500e+07	 0.00000e+00	 0.00000e+00	 6.03603e+03	 1.00000e+03
	     998.500	 1.68159e+01	 1.00000e+05	 9.98500e+07	 0.00000e+00	 0.00000e+00	 6.02299e+03	 1.00000e+03
	    1008.500	 1.70033e+01	 1.00000e+05	 1.00850e+08	 0.00000e+00	 0.00000e+00	 6.01002e+03	 1.00000e+03
	    1018.500	 1.71904e+01	 1.00000e+05	 1.01850e+08	 0.00000e+00	 0.00000e+00	 5.99712e+03	 1.00000e+03
	    1028.500	 1.73774e+01	 1.00000e+05	 1.02850e+08	 0.00000e+00	 0.00000e+00	 5.98427e+03	 1.00000e+03
	    1038.500	 1.75642e+01	 1.00000e+05	 1.03850e+08	 0.00000e+00	 0.00000e+00	 5.97152e+03	 1.00000e+03
	    1048.500	 1.77508e+01	 1.00000e+05	 1.04850e+08	 0.00000e+00	 0.00000e+00	 5.95886e+03	 1.00000e+03
	    1058.500	 1.79371e+01	 1.00000e+05	 1.05850e+08	 0.00000e+00	 0.00000e+00	 5.94629e+03	 1.00000e+03
	    1068.500	 1.81233e+01	 1.00000e+05	 1.06850e+08	 0.00000e+00	 0.00000e+00	 5.93381e+03	 1.00000e+03
	    1078.500	 1.83093e+01	 1.00000e+05	 1.07850e+08	 0.00000e+00	 0.00000e+00	 5.92143e+03	 1.00000e+03
	    1080.000	 1.83372e+01	 9.99998e+04	 1.08000e+08	 0.00000e+00	 0.00000e+00	 5.91972e+03	 1.00000e+03
	    1083.000	 1.83929e+01	 1.00000e+05	 1.08300e+08	 0.00000e+00	 0.00000e+00	 5.91596e+03	 1.00000e+03
	    1089.000	 1.85044e+01	 1.00000e+05	 1.08900e+08	 0.00000e+00	 0.00000e+00	 5.90852e+03	 1.00000e+03
	    1101.000	 1.87270e+01	 1.00000e+05	 1.10100e+08	 0.00000e+00	 0.00000e+00	 5.89375e+03	 1.00000e+03
	    1125.000	 1.91712e+01	 1.00000e+05	 1.12500e+08	 0.00000e+00	 0.00000e+00	 5.86452e+03	 1.00000e+03
	    1165.000	 1.99083e+01	 1.00000e+05	 1.16500e+08	 0.00000e+00	 0.00000e+00	 5.81676e+03	 1.00000e+03
	    1205.000	 2.06421e+01	 1.00000e+05	 1.20500e+08	 0.00000e+00	 0.00000e+00	 5.77025e+03	 1.00000e+03
	    1245.000	 2.13728e+01	 1.00000e+05	 1.24500e+08	 0.00000e+00	 0.00000e+00	 5.72492e+03	 1.00000e+03
	    1285.000	 2.21003e+01	 1.00000e+05	 1.28500e+08	 0.00000e+00	 0.00000e+00	 5.68095e+03	 1.00000e+03
	    1325.000	 2.28247e+01	 1.00000e+05	 1.32500e+08	 0.00000e+00	 0.00000e+00	 5.63880e+03	 1.00000e+03
	    1337.000	 2.30417e+01	 1.00000e+05	 1.33700e+08	 0.00000e+00	 0.00000e+00	 5.62692e+03	 1.00000e+03
	    1361.000	 2.34747e+01	 1.00000e+05	 1.36100e+08	 0.00000e+00	 0.00000e+00	 5.60281e+03	 1.00000e+03
	    1401.000	 2.41930e+01	 1.00000e+05	 1.40100e+08	 0.00000e+00	 0.00000e+00	 5.56457e+03	 1.00000e+03
	    1421.000	 2.45514e+01	 1.00000e+05	 1.42100e+08	 0.00000e+00	 0.00000e+00	 5.54658e+03	 1.00000e+03
	    1440.000	 2.48912e+01	 1.00000e+05	 1.44000e+08	 0.00000e+00	 0.00000e+00	 5.52960e+03	 1.00000e+03
	    1478.000	 2.55678e+01	 1.00000e+05	 1.47800e+08	 0.00000e+00	 0.00000e+00	 5.49636e+03	 1.00000e+03
	    1518.000	 2.62770e+01	 1.00000e+05	 1.51800e+08	 0.00000e+00	 0.00000e+00	 5.46290e+03	 1.00000e+03
	    1558.000	 2.69831e+01	 1.00000e+05	 1.55800e+08	 0.00000e+00	 0.00000e+00	 5.43124e+03	 1.00000e+03
	    1598.000	 2.76862e+01	 1.00000e+05	 1.59800e+08	 0.00000e+00	 0.00000e+00	 5.40093e+03	 1.00000e+03
	    1638.000	 2.83863e+01	 1.00000e+05	 1.63800e+08	 0.00000e+00	 0.00000e+00	 5.37149e+03	 1.00000e+03
	    1658.000	 2.87356e+01	 1.00000e+05	 1.65800e+08	 0.00000e+00	 0.00000e+00	 5.35727e+03	 1.00000e+03
	    1698.000	 2.94313e+01	 1.00000e+05	 1.69800e+08	 0.00000e+00	 0.00000e+00	 5.32852e+03	 1.00000e+03
	    1738.000	 3.01240e+01	 1.00000e+05	 1.73800e+08	 0.00000e+00	 0.00000e+00	 5.30064e+03	 1.00000e+03
	    1778.000	 3.08138e+01	 1.00000e+05	 1.77800e+08	 0.00000e+00	 0.00000e+00	 5.27312e+03	 1.00000e+03
	    1800.000	 3.11923e+01	 1.00000e+05	 1.80000e+08	 0.00000e+00	 0.00000e+00	 5.25823e+03	 1.00000e+03
	    1840.000	 3.18776e+01	 1.00000e+05	 1.84000e+08	 0.00000e+00	 0.00000e+00	 5.23056e+03	 1.00000e+03
	    1880.000	 3.25601e+01	 1.00000e+05	 1.88000e+08	 0.00000e+00	 0.00000e+00	 5.20304e+03	 1.00000e+03
	    1920.000	 3.32398e+01	 1.00000e+05	 1.92000e+08	 0.00000e+00	 0.00000e+00	 5.17534e+03	 1.00000e+03
	    1960.000	 3.39167e+01	 1.00000e+05	 1.96000e+08	 0.00000e+00	 0.00000e+00	 5.14763e+03	 1.00000e+03
	    2000.000	 3.45907e+01	 1.00000e+05	 2.00000e+08	 0.00000e+00	 0.00000e+00	 5.12005e+03	 1.00000e+03
	    2040.000	 3.52620e+01	 1.00000e+05	 2.04000e+08	 0.00000e+00	 0.00000e+00	 5.09256e+03	 1.00000e+03
	    2080.000	 3.59306e+01	 1.00000e+05	 2.08000e+08	 0.00000e+00	 0.00000e+00	 5.06542e+03	 1.00000e+03
	    2120.000	 3.65964e+01	 1.00000e+05	 2.12000e+08	 0.00000e+00	 0.00000e+00	 5.03874e+03	 1.00000e+03
	    2160.000	 3.72596e+01	 1.00000e+05	 2.16000e+08	 0.00000e+00	 0.00000e+00	 5.01254e+03	 1.00000e+03
	    2200.000	 3.79201e+01	 1.00000e+05	 2.20000e+08	 0.00000e+00	 0.00000e+00	 4.98692e+03	 1.00000e+03
	    2240.000	 3.85779e+01	 1.00000e+05	 2.24000e+08	 0.00000e+00	 0.00000e+00	 4.96240e+03	 1.00000e+03
	    2280.000	 3.92331e+01	 1.00000e+05	 2.28000e+08	 0.00000e+00	 0.00000e+00	 4.93846e+03	 1.00000e+03
	    2320.000	 3.98858e+01	 1.00000e+05	 2.32000e+08	 0.00000e+00	 0.00000e+00	 4.91509e+03	 1.00000e+03
	    2360.000	 4.05358e+01	 9.99999e+04	 2.36000e+08	 0.00000e+00	 0.00000e+00	 4.89223e+03	 1.00000e+03
	    2400.000	 4.11834e+01	 1.00000e+05	 2.40000e+08	 0.00000e+00	 0.00000e+00	 4.86989e+03	 1.00000e+03
	    2440.000	 4.18283e+01	 1.00000e+05	 2.44000e+08	 0.00000e+00	 0.00000e+00	 4.84790e+03	 1.00000e+03
	    2480.000	 4.24708e+01	 1.00000e+05	 2.48000e+08	 0.00000e+00	 0.00000e+00	 4.82626e+03	 1.00000e+03
	    2520.000	 4.31107e+01	 1.00000e+05	 2.52000e+08	 0.00000e+00	 0.00000e+00	 4.80494e+03	 1.00000e+03
	    2560.000	 4.37481e+01	 1.00000e+05	 2.56000e+08	 0.00000e+00	 0.00000e+00	 4.78394e+03	 1.00000e+03
	    2600.000	 4.43830e+01	 1.00000e+05	 2.60000e+08	 0.00000e+00	 0.00000e+00	 4.76329e+03	 1.00000e+03
	    2640.000	 4.50154e+01	 1.00000e+05	 2.64000e+08	 0.00000e+00	 0.00000e+00	 4.74305e+03	 1.00000e+03
	    2680.000	 4.56454e+01	 1.00000e+05	 2.68000e+08	 0.00000e+00	 0.00000e+00	 4.72331e+03	 1.00000e+03
	    2720.000	 4.62730e+01	 1.00000e+05	 2.72000e+08	 0.00000e+00	 0.00000e+00	 4.70409e+03	 1.00000e+03
	    2760.000	 4.68983e+01	 1.00000e+05	 2.76000e+08	 0.00000e+00	 0.00000e+00	 4.68543e+03	 1.00000e+03
	    2800.000	 4.75213e+01	 1.00000e+05	 2.80000e+08	 0.00000e+00	 0.00000e+00	 4.66737e+03	 1.00000e+03
	    2840.000	 4.81420e+01	 1.00000e+05	 2.84000e+08	 0.00000e+00	 0.00000e+00	 4.64987e+03	 1.00000e+03
	    2880.000	 4.87606e+01	 1.00000e+05	 2.88000e+08	 0.00000e+00	 0.00000e+00	 4.63304e+03	 1.00000e+03
	    2920.000	 4.93771e+01	 1.00000e+05	 2.92000e+08	 0.00000e+00	 0.00000e+00	 4.61692e+03	 1.00000e+03
	    2960.000	 4.99914e+01	 1.00000e+05	 2.96000e+08	 0.00000e+00	 0.00000e+00	 4.60163e+03	 1.00000e+03
	    3000.000	 5.06038e+01	 1.00000e+05	 3.00000e+08	 0.00000e+00	 0.00000e+00	 4.58730e+03	 1.00000e+03
	    3040.000	 5.12141e+01	 1.00000e+05	 3.04000e+08	 0.00000e+00	 0.00000e+00	 4.57390e+03	 1.00000e+03
	    3080.000	 5.18224e+01	 1.00000e+05	 3.08000e+08	 0.00000e+00	 0.00000e+00	 4.56117e+03	 1.00000e+03
	    3120.000	 5.24288e+01	 1.00000e+05	 3.12000e+08	 0.00000e+00	 0.00000e+00	 4.54886e+03	 1.00000e+03
	    3160.000	 5.30331e+01	 1.00000e+05	 3.16000e+08	 0.00000e+00	 0.00000e+00	 4.53685e+03	 1.00000e+03
	    3200.000	 5.36355e+01	 1.00000e+05	 3.20000e+08	 0.00000e+00	 0.00000e+00	 4.52502e+03	 1.00000e+03
	    3240.000	 5.42359e+01	 1.00000e+05	 3.24000e+08	 0.00000e+00	 0.00000e+00	 4.51328e+03	 1.00000e+03
	    3280.000	 5.48344e+01	 1.00000e+05	 3.28000e+08	 0.00000e+00	 0.00000e+00	 4.50156e+03	 1.00000e+03
	    3320.000	 5.54310e+01	 1.00000e+05	 3.32000e+08	 0.00000e+00	 0.00000e+00	 4.48981e+03	 1.00000e+03
	    3360.000	 5.60257e+01	 1.00000e+05	 3.36000e+08	 0.00000e+00	 0.00000e+00	 4.47800e+03	 1.00000e+03
	    3400.000	 5.66184e+01	 1.00000e+05	 3.40000e+08	 0.00000e+00	 0.00000e+00	 4.46614e+03	 1.00000e+03
	    3440.000	 5.72092e+01	 1.00000e+05	 3.44000e+08	 0.00000e+00	 0.00000e+00	 4.45416e+03	 1.00000e+03
	    3480.000	 5.77979e+01	 1.00000e+05	 3.48000e+08	 0.00000e+00	 0.00000e+00	 4.44201e+03	 1.00000e+03
	    3520.000	 5.83847e+01	 1.00000e+05	 3.52000e+08	 0.00000e+00	 0.00000e+00	 4.42967e+03	 1.00000e+03
	    3560.000	 5.89693e+01	 1.00000e+05	 3.56000e+08	 0.00000e+00	 0.00000e+00	 4.41710e+03	 1.00000e+03
	    3600.000	 5.95519e+01	 1.00000e+05	 3.60000e+08	 0.00000e+00	 0.00000e+00	 4.40427e+03	 1.00000e+03

